{"/Users/fawzi/Desktop/parcels-delivery-service/backend/index.ts": {"path":"/Users/fawzi/Desktop/parcels-delivery-service/backend/index.ts","statementMap":{"0":{"start":{"line":1,"column":0},"end":{"line":1,"column":31}},"1":{"start":{"line":2,"column":0},"end":{"line":2,"column":25}},"2":{"start":{"line":3,"column":0},"end":{"line":3,"column":34}},"3":{"start":{"line":4,"column":0},"end":{"line":4,"column":30}},"4":{"start":{"line":5,"column":0},"end":{"line":5,"column":37}},"5":{"start":{"line":6,"column":0},"end":{"line":6,"column":81}},"6":{"start":{"line":9,"column":0},"end":{"line":13,"column":null}},"7":{"start":{"line":10,"column":4},"end":{"line":10,"column":37}},"8":{"start":{"line":12,"column":4},"end":{"line":12,"column":31}},"9":{"start":{"line":15,"column":12},"end":{"line":15,"column":34}},"10":{"start":{"line":17,"column":23},"end":{"line":17,"column":44}},"11":{"start":{"line":18,"column":0},"end":{"line":18,"column":30}}},"fnMap":{},"branchMap":{"0":{"loc":{"start":{"line":9,"column":0},"end":{"line":13,"column":null}},"type":"if","locations":[{"start":{"line":9,"column":0},"end":{"line":13,"column":null}},{"start":{"line":11,"column":7},"end":{"line":13,"column":null}}]}},"s":{"0":6,"1":6,"2":6,"3":6,"4":6,"5":6,"6":6,"7":0,"8":6,"9":6,"10":6,"11":6},"f":{},"b":{"0":[0,6]}}
,"/Users/fawzi/Desktop/parcels-delivery-service/backend/server.ts": {"path":"/Users/fawzi/Desktop/parcels-delivery-service/backend/server.ts","statementMap":{"0":{"start":{"line":1,"column":0},"end":{"line":1,"column":23}},"1":{"start":{"line":7,"column":32},"end":{"line":7,"column":44}},"2":{"start":{"line":8,"column":8},"end":{"line":8,"column":23}},"3":{"start":{"line":9,"column":21},"end":{"line":9,"column":45}},"4":{"start":{"line":10,"column":8},"end":{"line":10,"column":72}},"5":{"start":{"line":11,"column":8},"end":{"line":15,"column":11}},"6":{"start":{"line":12,"column":12},"end":{"line":14,"column":null}},"7":{"start":{"line":13,"column":16},"end":{"line":13,"column":67}},"8":{"start":{"line":19,"column":8},"end":{"line":21,"column":null}},"9":{"start":{"line":20,"column":12},"end":{"line":20,"column":28}},"10":{"start":{"line":23,"column":8},"end":{"line":23,"column":37}},"11":{"start":{"line":27,"column":8},"end":{"line":27,"column":36}},"12":{"start":{"line":3,"column":0},"end":{"line":3,"column":21}}},"fnMap":{"0":{"name":"(anonymous_1)","decl":{"start":{"line":7,"column":4},"end":{"line":7,"column":32}},"loc":{"start":{"line":7,"column":44},"end":{"line":16,"column":5}}},"1":{"name":"(anonymous_2)","decl":{"start":{"line":11,"column":43},"end":{"line":11,"column":46}},"loc":{"start":{"line":11,"column":48},"end":{"line":15,"column":9}}},"2":{"name":"(anonymous_3)","decl":{"start":{"line":18,"column":11},"end":{"line":18,"column":17}},"loc":{"start":{"line":18,"column":40},"end":{"line":24,"column":5}}},"3":{"name":"(anonymous_4)","decl":{"start":{"line":26,"column":4},"end":{"line":26,"column":15}},"loc":{"start":{"line":26,"column":21},"end":{"line":28,"column":5}}}},"branchMap":{"0":{"loc":{"start":{"line":9,"column":21},"end":{"line":9,"column":45}},"type":"binary-expr","locations":[{"start":{"line":9,"column":21},"end":{"line":9,"column":37}},{"start":{"line":9,"column":41},"end":{"line":9,"column":45}}]},"1":{"loc":{"start":{"line":12,"column":12},"end":{"line":14,"column":null}},"type":"if","locations":[{"start":{"line":12,"column":12},"end":{"line":14,"column":null}}]},"2":{"loc":{"start":{"line":19,"column":8},"end":{"line":21,"column":null}},"type":"if","locations":[{"start":{"line":19,"column":8},"end":{"line":21,"column":null}}]}},"s":{"0":6,"1":6,"2":6,"3":6,"4":6,"5":6,"6":6,"7":0,"8":6,"9":6,"10":6,"11":0,"12":6},"f":{"0":6,"1":6,"2":6,"3":0},"b":{"0":[6,0],"1":[0],"2":[6]}}
,"/Users/fawzi/Desktop/parcels-delivery-service/backend/di/index.ts": {"path":"/Users/fawzi/Desktop/parcels-delivery-service/backend/di/index.ts","statementMap":{"0":{"start":{"line":1,"column":0},"end":{"line":1,"column":9}},"1":{"start":{"line":1,"column":9},"end":{"line":1,"column":50}},"2":{"start":{"line":2,"column":0},"end":{"line":2,"column":9}},"3":{"start":{"line":2,"column":9},"end":{"line":2,"column":44}}},"fnMap":{"0":{"name":"(anonymous_1)","decl":{"start":{"line":1,"column":9},"end":{"line":1,"column":16}},"loc":{"start":{"line":1,"column":9},"end":{"line":1,"column":50}}},"1":{"name":"(anonymous_2)","decl":{"start":{"line":2,"column":9},"end":{"line":2,"column":16}},"loc":{"start":{"line":2,"column":9},"end":{"line":2,"column":44}}}},"branchMap":{},"s":{"0":6,"1":6,"2":6,"3":12},"f":{"0":0,"1":6},"b":{}}
,"/Users/fawzi/Desktop/parcels-delivery-service/backend/di/production.ts": {"path":"/Users/fawzi/Desktop/parcels-delivery-service/backend/di/production.ts","statementMap":{"0":{"start":{"line":1,"column":0},"end":{"line":1,"column":48}},"1":{"start":{"line":2,"column":0},"end":{"line":2,"column":40}},"2":{"start":{"line":3,"column":0},"end":{"line":3,"column":48}},"3":{"start":{"line":4,"column":0},"end":{"line":4,"column":107}},"4":{"start":{"line":5,"column":0},"end":{"line":5,"column":122}},"5":{"start":{"line":7,"column":0},"end":{"line":7,"column":101}},"6":{"start":{"line":11,"column":4},"end":{"line":11,"column":110}},"7":{"start":{"line":12,"column":4},"end":{"line":12,"column":109}},"8":{"start":{"line":15,"column":4},"end":{"line":15,"column":126}},"9":{"start":{"line":16,"column":4},"end":{"line":16,"column":117}},"10":{"start":{"line":17,"column":4},"end":{"line":17,"column":134}},"11":{"start":{"line":20,"column":4},"end":{"line":20,"column":135}},"12":{"start":{"line":21,"column":4},"end":{"line":21,"column":126}},"13":{"start":{"line":22,"column":4},"end":{"line":22,"column":143}},"14":{"start":{"line":25,"column":4},"end":{"line":25,"column":135}},"15":{"start":{"line":26,"column":4},"end":{"line":26,"column":126}},"16":{"start":{"line":27,"column":4},"end":{"line":27,"column":149}},"17":{"start":{"line":9,"column":0},"end":{"line":9,"column":24}}},"fnMap":{"0":{"name":"regesterDependencies","decl":{"start":{"line":9,"column":24},"end":{"line":9,"column":44}},"loc":{"start":{"line":9,"column":44},"end":{"line":28,"column":1}}}},"branchMap":{},"s":{"0":6,"1":6,"2":6,"3":6,"4":6,"5":6,"6":0,"7":0,"8":0,"9":0,"10":0,"11":0,"12":0,"13":0,"14":0,"15":0,"16":0,"17":6},"f":{"0":0},"b":{}}
,"/Users/fawzi/Desktop/parcels-delivery-service/backend/helpers/bcrypt.ts": {"path":"/Users/fawzi/Desktop/parcels-delivery-service/backend/helpers/bcrypt.ts","statementMap":{"0":{"start":{"line":1,"column":0},"end":{"line":1,"column":33}},"1":{"start":{"line":3,"column":31},"end":{"line":6,"column":1}},"2":{"start":{"line":4,"column":27},"end":{"line":4,"column":68}},"3":{"start":{"line":5,"column":4},"end":{"line":5,"column":26}},"4":{"start":{"line":3,"column":13},"end":{"line":3,"column":31}}},"fnMap":{"0":{"name":"(anonymous_6)","decl":{"start":{"line":3,"column":31},"end":{"line":3,"column":36}},"loc":{"start":{"line":3,"column":77},"end":{"line":6,"column":1}}}},"branchMap":{},"s":{"0":6,"1":6,"2":4,"3":4,"4":6},"f":{"0":4},"b":{}}
,"/Users/fawzi/Desktop/parcels-delivery-service/backend/helpers/index.ts": {"path":"/Users/fawzi/Desktop/parcels-delivery-service/backend/helpers/index.ts","statementMap":{"0":{"start":{"line":1,"column":0},"end":{"line":1,"column":9}},"1":{"start":{"line":1,"column":9},"end":{"line":1,"column":42}},"2":{"start":{"line":2,"column":0},"end":{"line":2,"column":9}},"3":{"start":{"line":2,"column":9},"end":{"line":2,"column":22}},"4":{"start":{"line":2,"column":22},"end":{"line":2,"column":34}},"5":{"start":{"line":2,"column":34},"end":{"line":2,"column":60}}},"fnMap":{"0":{"name":"(anonymous_0)","decl":{"start":{"line":1,"column":9},"end":{"line":1,"column":24}},"loc":{"start":{"line":1,"column":9},"end":{"line":1,"column":42}}},"1":{"name":"(anonymous_1)","decl":{"start":{"line":2,"column":9},"end":{"line":2,"column":20}},"loc":{"start":{"line":2,"column":9},"end":{"line":2,"column":22}}},"2":{"name":"(anonymous_2)","decl":{"start":{"line":2,"column":22},"end":{"line":2,"column":32}},"loc":{"start":{"line":2,"column":22},"end":{"line":2,"column":34}}},"3":{"name":"(anonymous_3)","decl":{"start":{"line":2,"column":34},"end":{"line":2,"column":45}},"loc":{"start":{"line":2,"column":34},"end":{"line":2,"column":60}}}},"branchMap":{},"s":{"0":6,"1":10,"2":6,"3":17,"4":22,"5":8},"f":{"0":4,"1":11,"2":16,"3":2},"b":{}}
,"/Users/fawzi/Desktop/parcels-delivery-service/backend/helpers/jwt.ts": {"path":"/Users/fawzi/Desktop/parcels-delivery-service/backend/helpers/jwt.ts","statementMap":{"0":{"start":{"line":1,"column":0},"end":{"line":1,"column":40}},"1":{"start":{"line":2,"column":0},"end":{"line":2,"column":36}},"2":{"start":{"line":4,"column":27},"end":{"line":11,"column":1}},"3":{"start":{"line":5,"column":4},"end":{"line":10,"column":null}},"4":{"start":{"line":6,"column":22},"end":{"line":6,"column":72}},"5":{"start":{"line":7,"column":8},"end":{"line":7,"column":21}},"6":{"start":{"line":9,"column":8},"end":{"line":9,"column":67}},"7":{"start":{"line":4,"column":13},"end":{"line":4,"column":27}},"8":{"start":{"line":13,"column":26},"end":{"line":20,"column":1}},"9":{"start":{"line":14,"column":4},"end":{"line":19,"column":null}},"10":{"start":{"line":15,"column":31},"end":{"line":15,"column":81}},"11":{"start":{"line":16,"column":8},"end":{"line":16,"column":30}},"12":{"start":{"line":18,"column":8},"end":{"line":18,"column":55}},"13":{"start":{"line":13,"column":13},"end":{"line":13,"column":26}},"14":{"start":{"line":22,"column":27},"end":{"line":29,"column":1}},"15":{"start":{"line":23,"column":4},"end":{"line":28,"column":null}},"16":{"start":{"line":24,"column":21},"end":{"line":24,"column":38}},"17":{"start":{"line":25,"column":8},"end":{"line":25,"column":20}},"18":{"start":{"line":27,"column":8},"end":{"line":27,"column":55}},"19":{"start":{"line":22,"column":13},"end":{"line":22,"column":27}}},"fnMap":{"0":{"name":"(anonymous_6)","decl":{"start":{"line":4,"column":27},"end":{"line":4,"column":28}},"loc":{"start":{"line":4,"column":60},"end":{"line":11,"column":1}}},"1":{"name":"(anonymous_7)","decl":{"start":{"line":13,"column":26},"end":{"line":13,"column":27}},"loc":{"start":{"line":13,"column":44},"end":{"line":20,"column":1}}},"2":{"name":"(anonymous_8)","decl":{"start":{"line":22,"column":27},"end":{"line":22,"column":28}},"loc":{"start":{"line":22,"column":45},"end":{"line":29,"column":1}}}},"branchMap":{},"s":{"0":6,"1":6,"2":6,"3":11,"4":11,"5":11,"6":0,"7":6,"8":6,"9":16,"10":16,"11":16,"12":0,"13":6,"14":6,"15":2,"16":2,"17":2,"18":0,"19":6},"f":{"0":11,"1":16,"2":2},"b":{}}
,"/Users/fawzi/Desktop/parcels-delivery-service/backend/middlewares/index.ts": {"path":"/Users/fawzi/Desktop/parcels-delivery-service/backend/middlewares/index.ts","statementMap":{"0":{"start":{"line":1,"column":0},"end":{"line":1,"column":9}},"1":{"start":{"line":1,"column":9},"end":{"line":1,"column":34}},"2":{"start":{"line":2,"column":0},"end":{"line":2,"column":9}},"3":{"start":{"line":2,"column":9},"end":{"line":2,"column":26}},"4":{"start":{"line":3,"column":0},"end":{"line":3,"column":9}},"5":{"start":{"line":3,"column":9},"end":{"line":3,"column":29}}},"fnMap":{"0":{"name":"(anonymous_1)","decl":{"start":{"line":1,"column":9},"end":{"line":1,"column":16}},"loc":{"start":{"line":1,"column":9},"end":{"line":1,"column":34}}},"1":{"name":"(anonymous_2)","decl":{"start":{"line":2,"column":9},"end":{"line":2,"column":16}},"loc":{"start":{"line":2,"column":9},"end":{"line":2,"column":26}}},"2":{"name":"(anonymous_3)","decl":{"start":{"line":3,"column":9},"end":{"line":3,"column":16}},"loc":{"start":{"line":3,"column":9},"end":{"line":3,"column":29}}}},"branchMap":{},"s":{"0":6,"1":36,"2":6,"3":30,"4":6,"5":30},"f":{"0":30,"1":24,"2":24},"b":{}}
,"/Users/fawzi/Desktop/parcels-delivery-service/backend/middlewares/is-allowed.ts": {"path":"/Users/fawzi/Desktop/parcels-delivery-service/backend/middlewares/is-allowed.ts","statementMap":{"0":{"start":{"line":2,"column":0},"end":{"line":2,"column":40}},"1":{"start":{"line":5,"column":18},"end":{"line":19,"column":1}},"2":{"start":{"line":6,"column":4},"end":{"line":18,"column":6}},"3":{"start":{"line":7,"column":8},"end":{"line":17,"column":null}},"4":{"start":{"line":8,"column":34},"end":{"line":8,"column":64}},"5":{"start":{"line":9,"column":12},"end":{"line":13,"column":null}},"6":{"start":{"line":10,"column":16},"end":{"line":10,"column":23}},"7":{"start":{"line":12,"column":16},"end":{"line":12,"column":89}},"8":{"start":{"line":15,"column":12},"end":{"line":15,"column":33}},"9":{"start":{"line":16,"column":12},"end":{"line":16,"column":22}},"10":{"start":{"line":21,"column":0},"end":{"line":21,"column":25}}},"fnMap":{"0":{"name":"(anonymous_0)","decl":{"start":{"line":5,"column":18},"end":{"line":5,"column":19}},"loc":{"start":{"line":5,"column":43},"end":{"line":19,"column":1}}},"1":{"name":"(anonymous_1)","decl":{"start":{"line":6,"column":11},"end":{"line":6,"column":12}},"loc":{"start":{"line":6,"column":76},"end":{"line":18,"column":5}}}},"branchMap":{"0":{"loc":{"start":{"line":9,"column":12},"end":{"line":13,"column":null}},"type":"if","locations":[{"start":{"line":9,"column":12},"end":{"line":13,"column":null}},{"start":{"line":11,"column":19},"end":{"line":13,"column":null}}]}},"s":{"0":6,"1":6,"2":24,"3":16,"4":16,"5":16,"6":12,"7":4,"8":4,"9":4,"10":6},"f":{"0":24,"1":16},"b":{"0":[12,4]}}
,"/Users/fawzi/Desktop/parcels-delivery-service/backend/middlewares/is-auth.ts": {"path":"/Users/fawzi/Desktop/parcels-delivery-service/backend/middlewares/is-auth.ts","statementMap":{"0":{"start":{"line":1,"column":0},"end":{"line":1,"column":39}},"1":{"start":{"line":3,"column":0},"end":{"line":3,"column":40}},"2":{"start":{"line":6,"column":15},"end":{"line":28,"column":1}},"3":{"start":{"line":7,"column":4},"end":{"line":27,"column":null}},"4":{"start":{"line":8,"column":30},"end":{"line":8,"column":55}},"5":{"start":{"line":9,"column":8},"end":{"line":23,"column":null}},"6":{"start":{"line":10,"column":12},"end":{"line":10,"column":66}},"7":{"start":{"line":13,"column":28},"end":{"line":13,"column":52}},"8":{"start":{"line":14,"column":12},"end":{"line":14,"column":38}},"9":{"start":{"line":16,"column":32},"end":{"line":16,"column":73}},"10":{"start":{"line":17,"column":12},"end":{"line":21,"column":null}},"11":{"start":{"line":18,"column":16},"end":{"line":20,"column":18}},"12":{"start":{"line":22,"column":12},"end":{"line":22,"column":26}},"13":{"start":{"line":25,"column":8},"end":{"line":25,"column":29}},"14":{"start":{"line":26,"column":8},"end":{"line":26,"column":18}},"15":{"start":{"line":30,"column":0},"end":{"line":30,"column":22}}},"fnMap":{"0":{"name":"(anonymous_0)","decl":{"start":{"line":6,"column":15},"end":{"line":6,"column":16}},"loc":{"start":{"line":6,"column":80},"end":{"line":28,"column":1}}}},"branchMap":{"0":{"loc":{"start":{"line":9,"column":8},"end":{"line":23,"column":null}},"type":"if","locations":[{"start":{"line":9,"column":8},"end":{"line":23,"column":null}},{"start":{"line":11,"column":15},"end":{"line":23,"column":null}}]},"1":{"loc":{"start":{"line":17,"column":12},"end":{"line":21,"column":null}},"type":"if","locations":[{"start":{"line":17,"column":12},"end":{"line":21,"column":null}}]}},"s":{"0":6,"1":6,"2":6,"3":20,"4":20,"5":20,"6":4,"7":16,"8":16,"9":16,"10":16,"11":16,"12":16,"13":4,"14":4,"15":6},"f":{"0":20},"b":{"0":[4,16],"1":[16]}}
,"/Users/fawzi/Desktop/parcels-delivery-service/backend/middlewares/validateSchema.ts": {"path":"/Users/fawzi/Desktop/parcels-delivery-service/backend/middlewares/validateSchema.ts","statementMap":{"0":{"start":{"line":2,"column":0},"end":{"line":2,"column":40}},"1":{"start":{"line":5,"column":23},"end":{"line":21,"column":1}},"2":{"start":{"line":6,"column":4},"end":{"line":20,"column":6}},"3":{"start":{"line":7,"column":26},"end":{"line":9,"column":10}},"4":{"start":{"line":10,"column":22},"end":{"line":10,"column":35}},"5":{"start":{"line":12,"column":8},"end":{"line":19,"column":null}},"6":{"start":{"line":13,"column":12},"end":{"line":13,"column":19}},"7":{"start":{"line":15,"column":32},"end":{"line":15,"column":37}},"8":{"start":{"line":16,"column":27},"end":{"line":16,"column":66}},"9":{"start":{"line":16,"column":51},"end":{"line":16,"column":65}},"10":{"start":{"line":17,"column":24},"end":{"line":17,"column":70}},"11":{"start":{"line":18,"column":12},"end":{"line":18,"column":22}},"12":{"start":{"line":23,"column":0},"end":{"line":23,"column":30}}},"fnMap":{"0":{"name":"(anonymous_0)","decl":{"start":{"line":5,"column":23},"end":{"line":5,"column":24}},"loc":{"start":{"line":5,"column":103},"end":{"line":21,"column":1}}},"1":{"name":"(anonymous_1)","decl":{"start":{"line":6,"column":11},"end":{"line":6,"column":12}},"loc":{"start":{"line":6,"column":63},"end":{"line":20,"column":5}}},"2":{"name":"(anonymous_2)","decl":{"start":{"line":16,"column":39},"end":{"line":16,"column":40}},"loc":{"start":{"line":16,"column":51},"end":{"line":16,"column":65}}}},"branchMap":{"0":{"loc":{"start":{"line":5,"column":44},"end":{"line":5,"column":79}},"type":"default-arg","locations":[{"start":{"line":5,"column":73},"end":{"line":5,"column":79}}]},"1":{"loc":{"start":{"line":5,"column":81},"end":{"line":5,"column":99}},"type":"default-arg","locations":[{"start":{"line":5,"column":94},"end":{"line":5,"column":99}}]},"2":{"loc":{"start":{"line":12,"column":8},"end":{"line":19,"column":null}},"type":"if","locations":[{"start":{"line":12,"column":8},"end":{"line":19,"column":null}},{"start":{"line":14,"column":15},"end":{"line":19,"column":null}}]}},"s":{"0":6,"1":6,"2":30,"3":19,"4":19,"5":19,"6":14,"7":5,"8":5,"9":8,"10":5,"11":5,"12":6},"f":{"0":30,"1":19,"2":8},"b":{"0":[30],"1":[30],"2":[14,5]}}
,"/Users/fawzi/Desktop/parcels-delivery-service/backend/providers/App.ts": {"path":"/Users/fawzi/Desktop/parcels-delivery-service/backend/providers/App.ts","statementMap":{"0":{"start":{"line":2,"column":0},"end":{"line":2,"column":29}},"1":{"start":{"line":3,"column":0},"end":{"line":3,"column":33}},"2":{"start":{"line":4,"column":0},"end":{"line":4,"column":67}},"3":{"start":{"line":5,"column":0},"end":{"line":5,"column":30}},"4":{"start":{"line":6,"column":0},"end":{"line":6,"column":30}},"5":{"start":{"line":7,"column":0},"end":{"line":7,"column":56}},"6":{"start":{"line":8,"column":0},"end":{"line":8,"column":46}},"7":{"start":{"line":10,"column":15},"end":{"line":56,"column":null}},"8":{"start":{"line":13,"column":42},"end":{"line":13,"column":60}},"9":{"start":{"line":13,"column":90},"end":{"line":13,"column":112}},"10":{"start":{"line":14,"column":8},"end":{"line":14,"column":29}},"11":{"start":{"line":15,"column":8},"end":{"line":15,"column":33}},"12":{"start":{"line":16,"column":8},"end":{"line":16,"column":33}},"13":{"start":{"line":17,"column":8},"end":{"line":17,"column":28}},"14":{"start":{"line":18,"column":8},"end":{"line":18,"column":42}},"15":{"start":{"line":19,"column":8},"end":{"line":19,"column":28}},"16":{"start":{"line":23,"column":8},"end":{"line":23,"column":53}},"17":{"start":{"line":24,"column":8},"end":{"line":28,"column":null}},"18":{"start":{"line":25,"column":12},"end":{"line":25,"column":69}},"19":{"start":{"line":27,"column":12},"end":{"line":27,"column":74}},"20":{"start":{"line":32,"column":8},"end":{"line":32,"column":48}},"21":{"start":{"line":33,"column":8},"end":{"line":33,"column":38}},"22":{"start":{"line":37,"column":8},"end":{"line":37,"column":46}},"23":{"start":{"line":38,"column":27},"end":{"line":38,"column":36}},"24":{"start":{"line":39,"column":8},"end":{"line":39,"column":26}},"25":{"start":{"line":44,"column":8},"end":{"line":44,"column":51}},"26":{"start":{"line":46,"column":8},"end":{"line":46,"column":42}},"27":{"start":{"line":48,"column":8},"end":{"line":50,"column":11}},"28":{"start":{"line":49,"column":12},"end":{"line":49,"column":40}},"29":{"start":{"line":54,"column":8},"end":{"line":54,"column":29}},"30":{"start":{"line":10,"column":21},"end":{"line":56,"column":null}},"31":{"start":{"line":10,"column":21},"end":{"line":10,"column":null}}},"fnMap":{"0":{"name":"(anonymous_11)","decl":{"start":{"line":13,"column":4},"end":{"line":13,"column":17}},"loc":{"start":{"line":13,"column":112},"end":{"line":20,"column":5}}},"1":{"name":"(anonymous_12)","decl":{"start":{"line":22,"column":12},"end":{"line":22,"column":29}},"loc":{"start":{"line":22,"column":29},"end":{"line":29,"column":5}}},"2":{"name":"(anonymous_13)","decl":{"start":{"line":31,"column":12},"end":{"line":31,"column":24}},"loc":{"start":{"line":31,"column":24},"end":{"line":34,"column":5}}},"3":{"name":"(anonymous_14)","decl":{"start":{"line":36,"column":12},"end":{"line":36,"column":22}},"loc":{"start":{"line":36,"column":22},"end":{"line":40,"column":5}}},"4":{"name":"(anonymous_15)","decl":{"start":{"line":42,"column":12},"end":{"line":42,"column":24}},"loc":{"start":{"line":42,"column":24},"end":{"line":51,"column":5}}},"5":{"name":"(anonymous_16)","decl":{"start":{"line":48,"column":26},"end":{"line":48,"column":27}},"loc":{"start":{"line":48,"column":92},"end":{"line":50,"column":9}}},"6":{"name":"(anonymous_17)","decl":{"start":{"line":53,"column":4},"end":{"line":53,"column":15}},"loc":{"start":{"line":53,"column":26},"end":{"line":55,"column":5}}}},"branchMap":{"0":{"loc":{"start":{"line":24,"column":8},"end":{"line":28,"column":null}},"type":"if","locations":[{"start":{"line":24,"column":8},"end":{"line":28,"column":null}},{"start":{"line":26,"column":15},"end":{"line":28,"column":null}}]}},"s":{"0":6,"1":6,"2":6,"3":6,"4":6,"5":6,"6":6,"7":6,"8":6,"9":6,"10":6,"11":6,"12":6,"13":6,"14":6,"15":6,"16":6,"17":6,"18":0,"19":6,"20":6,"21":6,"22":6,"23":6,"24":6,"25":6,"26":6,"27":6,"28":22,"29":6,"30":6,"31":6},"f":{"0":6,"1":6,"2":6,"3":6,"4":6,"5":22,"6":6},"b":{"0":[0,6]}}
,"/Users/fawzi/Desktop/parcels-delivery-service/backend/providers/Database.ts": {"path":"/Users/fawzi/Desktop/parcels-delivery-service/backend/providers/Database.ts","statementMap":{"0":{"start":{"line":1,"column":0},"end":{"line":1,"column":37}},"1":{"start":{"line":2,"column":0},"end":{"line":2,"column":30}},"2":{"start":{"line":4,"column":0},"end":{"line":4,"column":46}},"3":{"start":{"line":7,"column":7},"end":{"line":32,"column":null}},"4":{"start":{"line":9,"column":42},"end":{"line":9,"column":60}},"5":{"start":{"line":8,"column":12},"end":{"line":8,"column":36}},"6":{"start":{"line":10,"column":8},"end":{"line":10,"column":29}},"7":{"start":{"line":14,"column":27},"end":{"line":14,"column":52}},"8":{"start":{"line":15,"column":8},"end":{"line":22,"column":11}},"9":{"start":{"line":16,"column":12},"end":{"line":21,"column":null}},"10":{"start":{"line":17,"column":16},"end":{"line":17,"column":76}},"11":{"start":{"line":18,"column":16},"end":{"line":18,"column":28}},"12":{"start":{"line":20,"column":16},"end":{"line":20,"column":80}},"13":{"start":{"line":26,"column":8},"end":{"line":29,"column":null}},"14":{"start":{"line":27,"column":12},"end":{"line":27,"column":36}},"15":{"start":{"line":28,"column":12},"end":{"line":28,"column":40}},"16":{"start":{"line":30,"column":8},"end":{"line":30,"column":24}},"17":{"start":{"line":7,"column":13},"end":{"line":32,"column":null}},"18":{"start":{"line":7,"column":13},"end":{"line":7,"column":21}},"19":{"start":{"line":34,"column":0},"end":{"line":34,"column":24}}},"fnMap":{"0":{"name":"(anonymous_11)","decl":{"start":{"line":9,"column":4},"end":{"line":9,"column":17}},"loc":{"start":{"line":9,"column":60},"end":{"line":11,"column":5}}},"1":{"name":"(anonymous_12)","decl":{"start":{"line":13,"column":12},"end":{"line":13,"column":28}},"loc":{"start":{"line":13,"column":28},"end":{"line":23,"column":5}}},"2":{"name":"(anonymous_13)","decl":{"start":{"line":15,"column":37},"end":{"line":15,"column":38}},"loc":{"start":{"line":15,"column":71},"end":{"line":22,"column":9}}},"3":{"name":"(anonymous_14)","decl":{"start":{"line":25,"column":11},"end":{"line":25,"column":24}},"loc":{"start":{"line":25,"column":24},"end":{"line":31,"column":5}}}},"branchMap":{"0":{"loc":{"start":{"line":16,"column":12},"end":{"line":21,"column":null}},"type":"if","locations":[{"start":{"line":16,"column":12},"end":{"line":21,"column":null}},{"start":{"line":19,"column":19},"end":{"line":21,"column":null}}]},"1":{"loc":{"start":{"line":26,"column":8},"end":{"line":29,"column":null}},"type":"if","locations":[{"start":{"line":26,"column":8},"end":{"line":29,"column":null}}]}},"s":{"0":6,"1":6,"2":6,"3":6,"4":0,"5":0,"6":0,"7":0,"8":0,"9":0,"10":0,"11":0,"12":0,"13":0,"14":0,"15":0,"16":0,"17":6,"18":6,"19":6},"f":{"0":0,"1":0,"2":0,"3":0},"b":{"0":[0,0],"1":[0]}}
,"/Users/fawzi/Desktop/parcels-delivery-service/backend/providers/ErrorHandler.ts": {"path":"/Users/fawzi/Desktop/parcels-delivery-service/backend/providers/ErrorHandler.ts","statementMap":{"0":{"start":{"line":6,"column":8},"end":{"line":6,"column":23}},"1":{"start":{"line":5,"column":23},"end":{"line":5,"column":41}},"2":{"start":{"line":5,"column":50},"end":{"line":5,"column":65}},"3":{"start":{"line":5,"column":74},"end":{"line":5,"column":86}},"4":{"start":{"line":7,"column":8},"end":{"line":7,"column":37}},"5":{"start":{"line":8,"column":8},"end":{"line":8,"column":29}},"6":{"start":{"line":4,"column":0},"end":{"line":4,"column":13}},"7":{"start":{"line":12,"column":27},"end":{"line":19,"column":1}},"8":{"start":{"line":13,"column":55},"end":{"line":13,"column":58}},"9":{"start":{"line":14,"column":4},"end":{"line":18,"column":7}},"10":{"start":{"line":12,"column":13},"end":{"line":12,"column":27}}},"fnMap":{"0":{"name":"(anonymous_0)","decl":{"start":{"line":5,"column":4},"end":{"line":5,"column":23}},"loc":{"start":{"line":5,"column":86},"end":{"line":9,"column":5}}},"1":{"name":"(anonymous_1)","decl":{"start":{"line":12,"column":27},"end":{"line":12,"column":28}},"loc":{"start":{"line":12,"column":81},"end":{"line":19,"column":1}}}},"branchMap":{"0":{"loc":{"start":{"line":13,"column":21},"end":{"line":13,"column":37}},"type":"default-arg","locations":[{"start":{"line":13,"column":34},"end":{"line":13,"column":37}}]},"1":{"loc":{"start":{"line":13,"column":39},"end":{"line":13,"column":50}},"type":"default-arg","locations":[{"start":{"line":13,"column":48},"end":{"line":13,"column":50}}]}},"s":{"0":22,"1":22,"2":22,"3":22,"4":22,"5":22,"6":6,"7":6,"8":22,"9":22,"10":6},"f":{"0":22,"1":22},"b":{"0":[0],"1":[17]}}
,"/Users/fawzi/Desktop/parcels-delivery-service/backend/providers/Locals.ts": {"path":"/Users/fawzi/Desktop/parcels-delivery-service/backend/providers/Locals.ts","statementMap":{"0":{"start":{"line":12,"column":20},"end":{"line":12,"column":81}},"1":{"start":{"line":13,"column":21},"end":{"line":13,"column":45}},"2":{"start":{"line":14,"column":26},"end":{"line":14,"column":57}},"3":{"start":{"line":15,"column":26},"end":{"line":15,"column":47}},"4":{"start":{"line":17,"column":8},"end":{"line":22,"column":10}},"5":{"start":{"line":26,"column":8},"end":{"line":26,"column":43}},"6":{"start":{"line":27,"column":8},"end":{"line":27,"column":23}},"7":{"start":{"line":31,"column":0},"end":{"line":31,"column":22}}},"fnMap":{"0":{"name":"(anonymous_0)","decl":{"start":{"line":11,"column":11},"end":{"line":11,"column":17}},"loc":{"start":{"line":11,"column":24},"end":{"line":23,"column":5}}},"1":{"name":"(anonymous_1)","decl":{"start":{"line":25,"column":11},"end":{"line":25,"column":17}},"loc":{"start":{"line":25,"column":43},"end":{"line":28,"column":5}}}},"branchMap":{"0":{"loc":{"start":{"line":12,"column":20},"end":{"line":12,"column":81}},"type":"binary-expr","locations":[{"start":{"line":12,"column":20},"end":{"line":12,"column":39}},{"start":{"line":12,"column":43},"end":{"line":12,"column":81}}]},"1":{"loc":{"start":{"line":13,"column":21},"end":{"line":13,"column":45}},"type":"binary-expr","locations":[{"start":{"line":13,"column":21},"end":{"line":13,"column":37}},{"start":{"line":13,"column":41},"end":{"line":13,"column":45}}]},"2":{"loc":{"start":{"line":14,"column":26},"end":{"line":14,"column":57}},"type":"binary-expr","locations":[{"start":{"line":14,"column":26},"end":{"line":14,"column":48}},{"start":{"line":14,"column":52},"end":{"line":14,"column":57}}]}},"s":{"0":6,"1":6,"2":6,"3":6,"4":6,"5":6,"6":6,"7":6},"f":{"0":6,"1":6},"b":{"0":[6,6],"1":[6,0],"2":[6,0]}}
,"/Users/fawzi/Desktop/parcels-delivery-service/backend/providers/Routes.ts": {"path":"/Users/fawzi/Desktop/parcels-delivery-service/backend/providers/Routes.ts","statementMap":{"0":{"start":{"line":1,"column":0},"end":{"line":1,"column":79}},"1":{"start":{"line":2,"column":0},"end":{"line":2,"column":37}},"2":{"start":{"line":3,"column":0},"end":{"line":3,"column":47}},"3":{"start":{"line":4,"column":0},"end":{"line":4,"column":53}},"4":{"start":{"line":5,"column":0},"end":{"line":5,"column":53}},"5":{"start":{"line":11,"column":26},"end":{"line":11,"column":54}},"6":{"start":{"line":13,"column":8},"end":{"line":13,"column":40}},"7":{"start":{"line":15,"column":8},"end":{"line":15,"column":110}},"8":{"start":{"line":15,"column":72},"end":{"line":15,"column":107}},"9":{"start":{"line":17,"column":8},"end":{"line":17,"column":28}},"10":{"start":{"line":19,"column":8},"end":{"line":19,"column":46}},"11":{"start":{"line":24,"column":8},"end":{"line":24,"column":39}},"12":{"start":{"line":26,"column":8},"end":{"line":31,"column":11}},"13":{"start":{"line":27,"column":12},"end":{"line":27,"column":62}},"14":{"start":{"line":28,"column":12},"end":{"line":28,"column":100}},"15":{"start":{"line":29,"column":12},"end":{"line":29,"column":89}},"16":{"start":{"line":30,"column":12},"end":{"line":30,"column":19}},"17":{"start":{"line":36,"column":28},"end":{"line":36,"column":45}},"18":{"start":{"line":37,"column":8},"end":{"line":37,"column":72}},"19":{"start":{"line":39,"column":31},"end":{"line":39,"column":51}},"20":{"start":{"line":40,"column":8},"end":{"line":40,"column":78}},"21":{"start":{"line":42,"column":31},"end":{"line":42,"column":51}},"22":{"start":{"line":43,"column":8},"end":{"line":43,"column":78}},"23":{"start":{"line":8,"column":19},"end":{"line":8,"column":null}},"24":{"start":{"line":47,"column":0},"end":{"line":47,"column":22}}},"fnMap":{"0":{"name":"(anonymous_1)","decl":{"start":{"line":10,"column":11},"end":{"line":10,"column":17}},"loc":{"start":{"line":10,"column":50},"end":{"line":20,"column":5}}},"1":{"name":"(anonymous_2)","decl":{"start":{"line":15,"column":37},"end":{"line":15,"column":38}},"loc":{"start":{"line":15,"column":69},"end":{"line":15,"column":108}}},"2":{"name":"(anonymous_3)","decl":{"start":{"line":22,"column":12},"end":{"line":22,"column":18}},"loc":{"start":{"line":22,"column":55},"end":{"line":32,"column":5}}},"3":{"name":"(anonymous_4)","decl":{"start":{"line":26,"column":20},"end":{"line":26,"column":21}},"loc":{"start":{"line":26,"column":72},"end":{"line":31,"column":9}}},"4":{"name":"(anonymous_5)","decl":{"start":{"line":34,"column":12},"end":{"line":34,"column":18}},"loc":{"start":{"line":34,"column":29},"end":{"line":44,"column":5}}}},"branchMap":{},"s":{"0":6,"1":6,"2":6,"3":6,"4":6,"5":6,"6":6,"7":6,"8":0,"9":6,"10":6,"11":6,"12":6,"13":28,"14":28,"15":28,"16":28,"17":6,"18":6,"19":6,"20":6,"21":6,"22":6,"23":6,"24":6},"f":{"0":6,"1":0,"2":6,"3":28,"4":6},"b":{}}
,"/Users/fawzi/Desktop/parcels-delivery-service/backend/providers/index.ts": {"path":"/Users/fawzi/Desktop/parcels-delivery-service/backend/providers/index.ts","statementMap":{"0":{"start":{"line":1,"column":0},"end":{"line":1,"column":9}},"1":{"start":{"line":1,"column":9},"end":{"line":1,"column":23}},"2":{"start":{"line":2,"column":0},"end":{"line":2,"column":30}},"3":{"start":{"line":3,"column":0},"end":{"line":3,"column":9}},"4":{"start":{"line":3,"column":9},"end":{"line":3,"column":26}}},"fnMap":{"0":{"name":"(anonymous_5)","decl":{"start":{"line":1,"column":9},"end":{"line":1,"column":16}},"loc":{"start":{"line":1,"column":9},"end":{"line":1,"column":23}}},"1":{"name":"(anonymous_6)","decl":{"start":{"line":3,"column":9},"end":{"line":3,"column":16}},"loc":{"start":{"line":3,"column":9},"end":{"line":3,"column":26}}}},"branchMap":{},"s":{"0":6,"1":12,"2":6,"3":6,"4":6},"f":{"0":6,"1":0},"b":{}}
,"/Users/fawzi/Desktop/parcels-delivery-service/backend/services/biker/Biker.controller.ts": {"path":"/Users/fawzi/Desktop/parcels-delivery-service/backend/services/biker/Biker.controller.ts","statementMap":{"0":{"start":{"line":1,"column":0},"end":{"line":1,"column":68}},"1":{"start":{"line":3,"column":0},"end":{"line":3,"column":43}},"2":{"start":{"line":5,"column":0},"end":{"line":5,"column":51}},"3":{"start":{"line":6,"column":0},"end":{"line":6,"column":40}},"4":{"start":{"line":11,"column":15},"end":{"line":29,"column":null}},"5":{"start":{"line":12,"column":42},"end":{"line":12,"column":60}},"6":{"start":{"line":12,"column":94},"end":{"line":12,"column":108}},"7":{"start":{"line":13,"column":8},"end":{"line":13,"column":29}},"8":{"start":{"line":14,"column":8},"end":{"line":14,"column":41}},"9":{"start":{"line":18,"column":8},"end":{"line":27,"column":null}},"10":{"start":{"line":19,"column":12},"end":{"line":19,"column":97}},"11":{"start":{"line":20,"column":40},"end":{"line":20,"column":107}},"12":{"start":{"line":21,"column":12},"end":{"line":23,"column":null}},"13":{"start":{"line":22,"column":16},"end":{"line":22,"column":69}},"14":{"start":{"line":24,"column":12},"end":{"line":24,"column":64}},"15":{"start":{"line":26,"column":12},"end":{"line":26,"column":22}},"16":{"start":{"line":11,"column":21},"end":{"line":29,"column":null}},"17":{"start":{"line":11,"column":21},"end":{"line":11,"column":null}}},"fnMap":{"0":{"name":"(anonymous_5)","decl":{"start":{"line":12,"column":4},"end":{"line":12,"column":17}},"loc":{"start":{"line":12,"column":120},"end":{"line":15,"column":5}}},"1":{"name":"(anonymous_6)","decl":{"start":{"line":17,"column":11},"end":{"line":17,"column":16}},"loc":{"start":{"line":17,"column":70},"end":{"line":28,"column":5}}}},"branchMap":{"0":{"loc":{"start":{"line":21,"column":12},"end":{"line":23,"column":null}},"type":"if","locations":[{"start":{"line":21,"column":12},"end":{"line":23,"column":null}}]}},"s":{"0":6,"1":6,"2":6,"3":6,"4":6,"5":6,"6":6,"7":6,"8":6,"9":3,"10":3,"11":3,"12":3,"13":2,"14":1,"15":2,"16":6,"17":6},"f":{"0":6,"1":3},"b":{"0":[2]}}
,"/Users/fawzi/Desktop/parcels-delivery-service/backend/services/biker/Biker.route.ts": {"path":"/Users/fawzi/Desktop/parcels-delivery-service/backend/services/biker/Biker.route.ts","statementMap":{"0":{"start":{"line":1,"column":0},"end":{"line":1,"column":47}},"1":{"start":{"line":2,"column":0},"end":{"line":2,"column":29}},"2":{"start":{"line":3,"column":0},"end":{"line":3,"column":50}},"3":{"start":{"line":4,"column":0},"end":{"line":4,"column":37}},"4":{"start":{"line":8,"column":12},"end":{"line":8,"column":38}},"5":{"start":{"line":9,"column":12},"end":{"line":9,"column":54}},"6":{"start":{"line":10,"column":12},"end":{"line":10,"column":84}},"7":{"start":{"line":13,"column":8},"end":{"line":13,"column":31}},"8":{"start":{"line":17,"column":8},"end":{"line":17,"column":133}},"9":{"start":{"line":21,"column":8},"end":{"line":21,"column":null}},"10":{"start":{"line":25,"column":8},"end":{"line":25,"column":27}},"11":{"start":{"line":29,"column":0},"end":{"line":29,"column":27}}},"fnMap":{"0":{"name":"(anonymous_7)","decl":{"start":{"line":12,"column":4},"end":{"line":12,"column":null}},"loc":{"start":{"line":12,"column":4},"end":{"line":14,"column":5}}},"1":{"name":"(anonymous_8)","decl":{"start":{"line":16,"column":12},"end":{"line":16,"column":27}},"loc":{"start":{"line":16,"column":27},"end":{"line":18,"column":5}}},"2":{"name":"(anonymous_9)","decl":{"start":{"line":20,"column":4},"end":{"line":20,"column":15}},"loc":{"start":{"line":20,"column":24},"end":{"line":22,"column":5}}},"3":{"name":"(anonymous_10)","decl":{"start":{"line":24,"column":4},"end":{"line":24,"column":15}},"loc":{"start":{"line":24,"column":24},"end":{"line":26,"column":5}}}},"branchMap":{},"s":{"0":6,"1":6,"2":6,"3":6,"4":6,"5":6,"6":6,"7":6,"8":6,"9":6,"10":6,"11":6},"f":{"0":6,"1":6,"2":6,"3":6},"b":{}}
,"/Users/fawzi/Desktop/parcels-delivery-service/backend/services/biker/Biker.service.ts": {"path":"/Users/fawzi/Desktop/parcels-delivery-service/backend/services/biker/Biker.service.ts","statementMap":{"0":{"start":{"line":1,"column":0},"end":{"line":1,"column":46}},"1":{"start":{"line":4,"column":0},"end":{"line":4,"column":57}},"2":{"start":{"line":7,"column":15},"end":{"line":30,"column":null}},"3":{"start":{"line":8,"column":51},"end":{"line":8,"column":84}},"4":{"start":{"line":8,"column":112},"end":{"line":8,"column":130}},"5":{"start":{"line":9,"column":8},"end":{"line":9,"column":47}},"6":{"start":{"line":10,"column":8},"end":{"line":10,"column":29}},"7":{"start":{"line":14,"column":8},"end":{"line":14,"column":65}},"8":{"start":{"line":15,"column":22},"end":{"line":15,"column":68}},"9":{"start":{"line":16,"column":8},"end":{"line":19,"column":null}},"10":{"start":{"line":17,"column":12},"end":{"line":17,"column":77}},"11":{"start":{"line":18,"column":12},"end":{"line":18,"column":33}},"12":{"start":{"line":20,"column":31},"end":{"line":20,"column":78}},"13":{"start":{"line":21,"column":8},"end":{"line":24,"column":null}},"14":{"start":{"line":22,"column":12},"end":{"line":22,"column":78}},"15":{"start":{"line":23,"column":12},"end":{"line":23,"column":33}},"16":{"start":{"line":26,"column":8},"end":{"line":26,"column":30}},"17":{"start":{"line":27,"column":22},"end":{"line":27,"column":62}},"18":{"start":{"line":28,"column":8},"end":{"line":28,"column":43}},"19":{"start":{"line":7,"column":21},"end":{"line":30,"column":null}},"20":{"start":{"line":7,"column":21},"end":{"line":7,"column":null}}},"fnMap":{"0":{"name":"(anonymous_4)","decl":{"start":{"line":8,"column":4},"end":{"line":8,"column":17}},"loc":{"start":{"line":8,"column":130},"end":{"line":11,"column":5}}},"1":{"name":"(anonymous_5)","decl":{"start":{"line":13,"column":11},"end":{"line":13,"column":16}},"loc":{"start":{"line":13,"column":57},"end":{"line":29,"column":5}}}},"branchMap":{"0":{"loc":{"start":{"line":16,"column":8},"end":{"line":19,"column":null}},"type":"if","locations":[{"start":{"line":16,"column":8},"end":{"line":19,"column":null}}]},"1":{"loc":{"start":{"line":21,"column":8},"end":{"line":24,"column":null}},"type":"if","locations":[{"start":{"line":21,"column":8},"end":{"line":24,"column":null}}]}},"s":{"0":6,"1":6,"2":6,"3":6,"4":6,"5":6,"6":6,"7":3,"8":3,"9":3,"10":1,"11":1,"12":2,"13":2,"14":1,"15":1,"16":1,"17":1,"18":1,"19":6,"20":6},"f":{"0":6,"1":3},"b":{"0":[1],"1":[1]}}
,"/Users/fawzi/Desktop/parcels-delivery-service/backend/services/biker/biker.validation.ts": {"path":"/Users/fawzi/Desktop/parcels-delivery-service/backend/services/biker/biker.validation.ts","statementMap":{"0":{"start":{"line":1,"column":0},"end":{"line":1,"column":21}},"1":{"start":{"line":3,"column":13},"end":{"line":6,"column":3}}},"fnMap":{},"branchMap":{},"s":{"0":6,"1":6},"f":{},"b":{}}
,"/Users/fawzi/Desktop/parcels-delivery-service/backend/services/biker/index.ts": {"path":"/Users/fawzi/Desktop/parcels-delivery-service/backend/services/biker/index.ts","statementMap":{"0":{"start":{"line":1,"column":0},"end":{"line":1,"column":9}},"1":{"start":{"line":1,"column":9},"end":{"line":1,"column":31}},"2":{"start":{"line":2,"column":0},"end":{"line":2,"column":9}},"3":{"start":{"line":2,"column":9},"end":{"line":2,"column":32}},"4":{"start":{"line":3,"column":0},"end":{"line":3,"column":9}},"5":{"start":{"line":3,"column":9},"end":{"line":3,"column":35}},"6":{"start":{"line":5,"column":0},"end":{"line":5,"column":9}},"7":{"start":{"line":5,"column":9},"end":{"line":5,"column":61}}},"fnMap":{"0":{"name":"(anonymous_1)","decl":{"start":{"line":1,"column":9},"end":{"line":1,"column":16}},"loc":{"start":{"line":1,"column":9},"end":{"line":1,"column":31}}},"1":{"name":"(anonymous_2)","decl":{"start":{"line":2,"column":9},"end":{"line":2,"column":16}},"loc":{"start":{"line":2,"column":9},"end":{"line":2,"column":32}}},"2":{"name":"(anonymous_3)","decl":{"start":{"line":3,"column":9},"end":{"line":3,"column":16}},"loc":{"start":{"line":3,"column":9},"end":{"line":3,"column":35}}},"3":{"name":"(anonymous_4)","decl":{"start":{"line":5,"column":9},"end":{"line":5,"column":31}},"loc":{"start":{"line":5,"column":9},"end":{"line":5,"column":61}}}},"branchMap":{},"s":{"0":6,"1":12,"2":6,"3":12,"4":6,"5":6,"6":6,"7":6},"f":{"0":6,"1":6,"2":0,"3":0},"b":{}}
,"/Users/fawzi/Desktop/parcels-delivery-service/backend/services/biker/repository/mongodb/BikerRepository.mongodb.ts": {"path":"/Users/fawzi/Desktop/parcels-delivery-service/backend/services/biker/repository/mongodb/BikerRepository.mongodb.ts","statementMap":{"0":{"start":{"line":3,"column":0},"end":{"line":3,"column":39}},"1":{"start":{"line":6,"column":12},"end":{"line":6,"column":36}},"2":{"start":{"line":9,"column":22},"end":{"line":9,"column":72}},"3":{"start":{"line":10,"column":8},"end":{"line":10,"column":21}},"4":{"start":{"line":5,"column":0},"end":{"line":5,"column":21}}},"fnMap":{"0":{"name":"(anonymous_1)","decl":{"start":{"line":5,"column":0},"end":{"line":5,"column":21}},"loc":{"start":{"line":5,"column":0},"end":{"line":13,"column":1}}},"1":{"name":"(anonymous_2)","decl":{"start":{"line":8,"column":11},"end":{"line":8,"column":16}},"loc":{"start":{"line":8,"column":43},"end":{"line":11,"column":5}}}},"branchMap":{},"s":{"0":6,"1":0,"2":0,"3":0,"4":6},"f":{"0":0,"1":0},"b":{}}
,"/Users/fawzi/Desktop/parcels-delivery-service/backend/services/biker/repository/mongodb/biker.model.ts": {"path":"/Users/fawzi/Desktop/parcels-delivery-service/backend/services/biker/repository/mongodb/biker.model.ts","statementMap":{"0":{"start":{"line":1,"column":0},"end":{"line":1,"column":32}},"1":{"start":{"line":9,"column":13},"end":{"line":15,"column":3}},"2":{"start":{"line":18,"column":19},"end":{"line":18,"column":69}},"3":{"start":{"line":20,"column":0},"end":{"line":20,"column":26}}},"fnMap":{},"branchMap":{},"s":{"0":6,"1":6,"2":6,"3":6},"f":{},"b":{}}
,"/Users/fawzi/Desktop/parcels-delivery-service/backend/services/biker/repository/mongodb/index.ts": {"path":"/Users/fawzi/Desktop/parcels-delivery-service/backend/services/biker/repository/mongodb/index.ts","statementMap":{"0":{"start":{"line":1,"column":0},"end":{"line":1,"column":9}},"1":{"start":{"line":1,"column":9},"end":{"line":1,"column":42}}},"fnMap":{"0":{"name":"(anonymous_1)","decl":{"start":{"line":1,"column":9},"end":{"line":1,"column":16}},"loc":{"start":{"line":1,"column":9},"end":{"line":1,"column":42}}}},"branchMap":{},"s":{"0":6,"1":6},"f":{"0":0},"b":{}}
,"/Users/fawzi/Desktop/parcels-delivery-service/backend/services/biker/tests/mocks/BikerRepository.mock.ts": {"path":"/Users/fawzi/Desktop/parcels-delivery-service/backend/services/biker/tests/mocks/BikerRepository.mock.ts","statementMap":{"0":{"start":{"line":4,"column":12},"end":{"line":17,"column":6}},"1":{"start":{"line":19,"column":8},"end":{"line":21,"column":null}},"2":{"start":{"line":20,"column":12},"end":{"line":20,"column":41}},"3":{"start":{"line":22,"column":8},"end":{"line":22,"column":20}},"4":{"start":{"line":3,"column":0},"end":{"line":3,"column":21}}},"fnMap":{"0":{"name":"(anonymous_0)","decl":{"start":{"line":3,"column":0},"end":{"line":3,"column":21}},"loc":{"start":{"line":3,"column":0},"end":{"line":25,"column":1}}},"1":{"name":"(anonymous_1)","decl":{"start":{"line":18,"column":4},"end":{"line":18,"column":9}},"loc":{"start":{"line":18,"column":36},"end":{"line":23,"column":5}}}},"branchMap":{"0":{"loc":{"start":{"line":19,"column":8},"end":{"line":21,"column":null}},"type":"if","locations":[{"start":{"line":19,"column":8},"end":{"line":21,"column":null}}]}},"s":{"0":6,"1":3,"2":2,"3":1,"4":6},"f":{"0":6,"1":3},"b":{"0":[2]}}
,"/Users/fawzi/Desktop/parcels-delivery-service/backend/services/biker/tests/mocks/index.ts": {"path":"/Users/fawzi/Desktop/parcels-delivery-service/backend/services/biker/tests/mocks/index.ts","statementMap":{"0":{"start":{"line":1,"column":0},"end":{"line":1,"column":9}},"1":{"start":{"line":1,"column":9},"end":{"line":1,"column":39}}},"fnMap":{"0":{"name":"(anonymous_1)","decl":{"start":{"line":1,"column":9},"end":{"line":1,"column":16}},"loc":{"start":{"line":1,"column":9},"end":{"line":1,"column":39}}}},"branchMap":{},"s":{"0":6,"1":12},"f":{"0":6},"b":{}}
,"/Users/fawzi/Desktop/parcels-delivery-service/backend/services/customer/Customer.controller.ts": {"path":"/Users/fawzi/Desktop/parcels-delivery-service/backend/services/customer/Customer.controller.ts","statementMap":{"0":{"start":{"line":1,"column":0},"end":{"line":1,"column":46}},"1":{"start":{"line":3,"column":0},"end":{"line":3,"column":49}},"2":{"start":{"line":5,"column":0},"end":{"line":5,"column":51}},"3":{"start":{"line":6,"column":0},"end":{"line":6,"column":40}},"4":{"start":{"line":9,"column":15},"end":{"line":27,"column":null}},"5":{"start":{"line":10,"column":42},"end":{"line":10,"column":60}},"6":{"start":{"line":10,"column":97},"end":{"line":10,"column":114}},"7":{"start":{"line":11,"column":8},"end":{"line":11,"column":29}},"8":{"start":{"line":12,"column":8},"end":{"line":12,"column":47}},"9":{"start":{"line":16,"column":8},"end":{"line":25,"column":null}},"10":{"start":{"line":17,"column":12},"end":{"line":17,"column":100}},"11":{"start":{"line":18,"column":40},"end":{"line":18,"column":110}},"12":{"start":{"line":19,"column":12},"end":{"line":21,"column":null}},"13":{"start":{"line":20,"column":16},"end":{"line":20,"column":69}},"14":{"start":{"line":22,"column":12},"end":{"line":22,"column":64}},"15":{"start":{"line":24,"column":12},"end":{"line":24,"column":22}},"16":{"start":{"line":9,"column":21},"end":{"line":27,"column":null}},"17":{"start":{"line":9,"column":21},"end":{"line":9,"column":null}}},"fnMap":{"0":{"name":"(anonymous_5)","decl":{"start":{"line":10,"column":4},"end":{"line":10,"column":17}},"loc":{"start":{"line":10,"column":129},"end":{"line":13,"column":5}}},"1":{"name":"(anonymous_6)","decl":{"start":{"line":15,"column":11},"end":{"line":15,"column":16}},"loc":{"start":{"line":15,"column":70},"end":{"line":26,"column":5}}}},"branchMap":{"0":{"loc":{"start":{"line":19,"column":12},"end":{"line":21,"column":null}},"type":"if","locations":[{"start":{"line":19,"column":12},"end":{"line":21,"column":null}}]}},"s":{"0":6,"1":6,"2":6,"3":6,"4":6,"5":6,"6":6,"7":6,"8":6,"9":3,"10":3,"11":3,"12":3,"13":2,"14":1,"15":2,"16":6,"17":6},"f":{"0":6,"1":3},"b":{"0":[2]}}
,"/Users/fawzi/Desktop/parcels-delivery-service/backend/services/customer/Customer.route.ts": {"path":"/Users/fawzi/Desktop/parcels-delivery-service/backend/services/customer/Customer.route.ts","statementMap":{"0":{"start":{"line":1,"column":0},"end":{"line":1,"column":47}},"1":{"start":{"line":2,"column":0},"end":{"line":2,"column":29}},"2":{"start":{"line":3,"column":0},"end":{"line":3,"column":56}},"3":{"start":{"line":4,"column":0},"end":{"line":4,"column":37}},"4":{"start":{"line":8,"column":12},"end":{"line":8,"column":41}},"5":{"start":{"line":9,"column":12},"end":{"line":9,"column":54}},"6":{"start":{"line":10,"column":12},"end":{"line":10,"column":93}},"7":{"start":{"line":13,"column":8},"end":{"line":13,"column":31}},"8":{"start":{"line":17,"column":8},"end":{"line":17,"column":142}},"9":{"start":{"line":21,"column":8},"end":{"line":21,"column":null}},"10":{"start":{"line":25,"column":8},"end":{"line":25,"column":27}},"11":{"start":{"line":29,"column":0},"end":{"line":29,"column":30}}},"fnMap":{"0":{"name":"(anonymous_7)","decl":{"start":{"line":12,"column":4},"end":{"line":12,"column":null}},"loc":{"start":{"line":12,"column":4},"end":{"line":14,"column":5}}},"1":{"name":"(anonymous_8)","decl":{"start":{"line":16,"column":12},"end":{"line":16,"column":27}},"loc":{"start":{"line":16,"column":27},"end":{"line":18,"column":5}}},"2":{"name":"(anonymous_9)","decl":{"start":{"line":20,"column":4},"end":{"line":20,"column":15}},"loc":{"start":{"line":20,"column":24},"end":{"line":22,"column":5}}},"3":{"name":"(anonymous_10)","decl":{"start":{"line":24,"column":4},"end":{"line":24,"column":15}},"loc":{"start":{"line":24,"column":24},"end":{"line":26,"column":5}}}},"branchMap":{},"s":{"0":6,"1":6,"2":6,"3":6,"4":6,"5":6,"6":6,"7":6,"8":6,"9":6,"10":6,"11":6},"f":{"0":6,"1":6,"2":6,"3":6},"b":{}}
,"/Users/fawzi/Desktop/parcels-delivery-service/backend/services/customer/Customer.service.ts": {"path":"/Users/fawzi/Desktop/parcels-delivery-service/backend/services/customer/Customer.service.ts","statementMap":{"0":{"start":{"line":1,"column":0},"end":{"line":1,"column":46}},"1":{"start":{"line":4,"column":0},"end":{"line":4,"column":57}},"2":{"start":{"line":7,"column":15},"end":{"line":30,"column":null}},"3":{"start":{"line":8,"column":54},"end":{"line":8,"column":93}},"4":{"start":{"line":8,"column":121},"end":{"line":8,"column":139}},"5":{"start":{"line":9,"column":8},"end":{"line":9,"column":53}},"6":{"start":{"line":10,"column":8},"end":{"line":10,"column":29}},"7":{"start":{"line":14,"column":8},"end":{"line":14,"column":68}},"8":{"start":{"line":15,"column":25},"end":{"line":15,"column":77}},"9":{"start":{"line":16,"column":8},"end":{"line":19,"column":null}},"10":{"start":{"line":17,"column":12},"end":{"line":17,"column":80}},"11":{"start":{"line":18,"column":12},"end":{"line":18,"column":33}},"12":{"start":{"line":20,"column":31},"end":{"line":20,"column":81}},"13":{"start":{"line":21,"column":8},"end":{"line":24,"column":null}},"14":{"start":{"line":22,"column":12},"end":{"line":22,"column":81}},"15":{"start":{"line":23,"column":12},"end":{"line":23,"column":33}},"16":{"start":{"line":26,"column":8},"end":{"line":26,"column":33}},"17":{"start":{"line":27,"column":22},"end":{"line":27,"column":68}},"18":{"start":{"line":28,"column":8},"end":{"line":28,"column":46}},"19":{"start":{"line":7,"column":21},"end":{"line":30,"column":null}},"20":{"start":{"line":7,"column":21},"end":{"line":7,"column":null}}},"fnMap":{"0":{"name":"(anonymous_4)","decl":{"start":{"line":8,"column":4},"end":{"line":8,"column":17}},"loc":{"start":{"line":8,"column":139},"end":{"line":11,"column":5}}},"1":{"name":"(anonymous_5)","decl":{"start":{"line":13,"column":11},"end":{"line":13,"column":16}},"loc":{"start":{"line":13,"column":57},"end":{"line":29,"column":5}}}},"branchMap":{"0":{"loc":{"start":{"line":16,"column":8},"end":{"line":19,"column":null}},"type":"if","locations":[{"start":{"line":16,"column":8},"end":{"line":19,"column":null}}]},"1":{"loc":{"start":{"line":21,"column":8},"end":{"line":24,"column":null}},"type":"if","locations":[{"start":{"line":21,"column":8},"end":{"line":24,"column":null}}]}},"s":{"0":6,"1":6,"2":6,"3":6,"4":6,"5":6,"6":6,"7":3,"8":3,"9":3,"10":1,"11":1,"12":2,"13":2,"14":1,"15":1,"16":1,"17":1,"18":1,"19":6,"20":6},"f":{"0":6,"1":3},"b":{"0":[1],"1":[1]}}
,"/Users/fawzi/Desktop/parcels-delivery-service/backend/services/customer/customer.validation.ts": {"path":"/Users/fawzi/Desktop/parcels-delivery-service/backend/services/customer/customer.validation.ts","statementMap":{"0":{"start":{"line":1,"column":0},"end":{"line":1,"column":21}},"1":{"start":{"line":3,"column":13},"end":{"line":6,"column":3}}},"fnMap":{},"branchMap":{},"s":{"0":6,"1":6},"f":{},"b":{}}
,"/Users/fawzi/Desktop/parcels-delivery-service/backend/services/customer/index.ts": {"path":"/Users/fawzi/Desktop/parcels-delivery-service/backend/services/customer/index.ts","statementMap":{"0":{"start":{"line":1,"column":0},"end":{"line":1,"column":9}},"1":{"start":{"line":1,"column":9},"end":{"line":1,"column":34}},"2":{"start":{"line":2,"column":0},"end":{"line":2,"column":9}},"3":{"start":{"line":2,"column":9},"end":{"line":2,"column":35}},"4":{"start":{"line":3,"column":0},"end":{"line":3,"column":9}},"5":{"start":{"line":3,"column":9},"end":{"line":3,"column":38}},"6":{"start":{"line":5,"column":0},"end":{"line":5,"column":9}},"7":{"start":{"line":5,"column":9},"end":{"line":5,"column":64}}},"fnMap":{"0":{"name":"(anonymous_1)","decl":{"start":{"line":1,"column":9},"end":{"line":1,"column":16}},"loc":{"start":{"line":1,"column":9},"end":{"line":1,"column":34}}},"1":{"name":"(anonymous_2)","decl":{"start":{"line":2,"column":9},"end":{"line":2,"column":16}},"loc":{"start":{"line":2,"column":9},"end":{"line":2,"column":35}}},"2":{"name":"(anonymous_3)","decl":{"start":{"line":3,"column":9},"end":{"line":3,"column":16}},"loc":{"start":{"line":3,"column":9},"end":{"line":3,"column":38}}},"3":{"name":"(anonymous_4)","decl":{"start":{"line":5,"column":9},"end":{"line":5,"column":34}},"loc":{"start":{"line":5,"column":9},"end":{"line":5,"column":64}}}},"branchMap":{},"s":{"0":6,"1":12,"2":6,"3":12,"4":6,"5":6,"6":6,"7":6},"f":{"0":6,"1":6,"2":0,"3":0},"b":{}}
,"/Users/fawzi/Desktop/parcels-delivery-service/backend/services/customer/repository/mongodb/CustomerRepository.mongodb.ts": {"path":"/Users/fawzi/Desktop/parcels-delivery-service/backend/services/customer/repository/mongodb/CustomerRepository.mongodb.ts","statementMap":{"0":{"start":{"line":2,"column":0},"end":{"line":2,"column":45}},"1":{"start":{"line":5,"column":12},"end":{"line":5,"column":42}},"2":{"start":{"line":8,"column":25},"end":{"line":8,"column":78}},"3":{"start":{"line":9,"column":8},"end":{"line":9,"column":24}},"4":{"start":{"line":4,"column":0},"end":{"line":4,"column":21}}},"fnMap":{"0":{"name":"(anonymous_1)","decl":{"start":{"line":4,"column":0},"end":{"line":4,"column":21}},"loc":{"start":{"line":4,"column":0},"end":{"line":12,"column":1}}},"1":{"name":"(anonymous_2)","decl":{"start":{"line":7,"column":11},"end":{"line":7,"column":16}},"loc":{"start":{"line":7,"column":46},"end":{"line":10,"column":5}}}},"branchMap":{},"s":{"0":6,"1":0,"2":0,"3":0,"4":6},"f":{"0":0,"1":0},"b":{}}
,"/Users/fawzi/Desktop/parcels-delivery-service/backend/services/customer/repository/mongodb/customer.model.ts": {"path":"/Users/fawzi/Desktop/parcels-delivery-service/backend/services/customer/repository/mongodb/customer.model.ts","statementMap":{"0":{"start":{"line":1,"column":0},"end":{"line":1,"column":32}},"1":{"start":{"line":9,"column":13},"end":{"line":15,"column":3}},"2":{"start":{"line":18,"column":22},"end":{"line":18,"column":81}},"3":{"start":{"line":20,"column":0},"end":{"line":20,"column":29}}},"fnMap":{},"branchMap":{},"s":{"0":6,"1":6,"2":6,"3":6},"f":{},"b":{}}
,"/Users/fawzi/Desktop/parcels-delivery-service/backend/services/customer/repository/mongodb/index.ts": {"path":"/Users/fawzi/Desktop/parcels-delivery-service/backend/services/customer/repository/mongodb/index.ts","statementMap":{"0":{"start":{"line":1,"column":0},"end":{"line":1,"column":9}},"1":{"start":{"line":1,"column":9},"end":{"line":1,"column":45}}},"fnMap":{"0":{"name":"(anonymous_1)","decl":{"start":{"line":1,"column":9},"end":{"line":1,"column":16}},"loc":{"start":{"line":1,"column":9},"end":{"line":1,"column":45}}}},"branchMap":{},"s":{"0":6,"1":6},"f":{"0":0},"b":{}}
,"/Users/fawzi/Desktop/parcels-delivery-service/backend/services/customer/tests/mocks/CustomerRepository.mock.ts": {"path":"/Users/fawzi/Desktop/parcels-delivery-service/backend/services/customer/tests/mocks/CustomerRepository.mock.ts","statementMap":{"0":{"start":{"line":5,"column":12},"end":{"line":18,"column":6}},"1":{"start":{"line":21,"column":8},"end":{"line":23,"column":null}},"2":{"start":{"line":22,"column":12},"end":{"line":22,"column":44}},"3":{"start":{"line":24,"column":8},"end":{"line":24,"column":20}},"4":{"start":{"line":3,"column":0},"end":{"line":3,"column":21}}},"fnMap":{"0":{"name":"(anonymous_0)","decl":{"start":{"line":3,"column":0},"end":{"line":3,"column":21}},"loc":{"start":{"line":3,"column":0},"end":{"line":27,"column":1}}},"1":{"name":"(anonymous_1)","decl":{"start":{"line":20,"column":4},"end":{"line":20,"column":9}},"loc":{"start":{"line":20,"column":39},"end":{"line":25,"column":5}}}},"branchMap":{"0":{"loc":{"start":{"line":21,"column":8},"end":{"line":23,"column":null}},"type":"if","locations":[{"start":{"line":21,"column":8},"end":{"line":23,"column":null}}]}},"s":{"0":6,"1":3,"2":2,"3":1,"4":6},"f":{"0":6,"1":3},"b":{"0":[2]}}
,"/Users/fawzi/Desktop/parcels-delivery-service/backend/services/customer/tests/mocks/index.ts": {"path":"/Users/fawzi/Desktop/parcels-delivery-service/backend/services/customer/tests/mocks/index.ts","statementMap":{"0":{"start":{"line":1,"column":0},"end":{"line":1,"column":9}},"1":{"start":{"line":1,"column":9},"end":{"line":1,"column":42}}},"fnMap":{"0":{"name":"(anonymous_1)","decl":{"start":{"line":1,"column":9},"end":{"line":1,"column":16}},"loc":{"start":{"line":1,"column":9},"end":{"line":1,"column":42}}}},"branchMap":{},"s":{"0":6,"1":12},"f":{"0":6},"b":{}}
,"/Users/fawzi/Desktop/parcels-delivery-service/backend/services/shipment/Shipment.controller.ts": {"path":"/Users/fawzi/Desktop/parcels-delivery-service/backend/services/shipment/Shipment.controller.ts","statementMap":{"0":{"start":{"line":1,"column":0},"end":{"line":1,"column":46}},"1":{"start":{"line":2,"column":0},"end":{"line":2,"column":49}},"2":{"start":{"line":6,"column":0},"end":{"line":6,"column":51}},"3":{"start":{"line":7,"column":0},"end":{"line":7,"column":69}},"4":{"start":{"line":8,"column":0},"end":{"line":8,"column":40}},"5":{"start":{"line":11,"column":15},"end":{"line":75,"column":null}},"6":{"start":{"line":12,"column":42},"end":{"line":12,"column":60}},"7":{"start":{"line":12,"column":97},"end":{"line":12,"column":114}},"8":{"start":{"line":13,"column":8},"end":{"line":13,"column":29}},"9":{"start":{"line":14,"column":8},"end":{"line":14,"column":47}},"10":{"start":{"line":18,"column":8},"end":{"line":25,"column":null}},"11":{"start":{"line":19,"column":12},"end":{"line":19,"column":100}},"12":{"start":{"line":20,"column":33},"end":{"line":20,"column":151}},"13":{"start":{"line":21,"column":38},"end":{"line":21,"column":90}},"14":{"start":{"line":22,"column":12},"end":{"line":22,"column":67}},"15":{"start":{"line":24,"column":12},"end":{"line":24,"column":22}},"16":{"start":{"line":29,"column":8},"end":{"line":44,"column":null}},"17":{"start":{"line":30,"column":12},"end":{"line":30,"column":99}},"18":{"start":{"line":31,"column":33},"end":{"line":31,"column":147}},"19":{"start":{"line":32,"column":35},"end":{"line":32,"column":89}},"20":{"start":{"line":33,"column":12},"end":{"line":40,"column":null}},"21":{"start":{"line":34,"column":16},"end":{"line":39,"column":null}},"22":{"start":{"line":36,"column":24},"end":{"line":36,"column":74}},"23":{"start":{"line":38,"column":24},"end":{"line":38,"column":78}},"24":{"start":{"line":41,"column":12},"end":{"line":41,"column":59}},"25":{"start":{"line":43,"column":12},"end":{"line":43,"column":22}},"26":{"start":{"line":48,"column":8},"end":{"line":63,"column":null}},"27":{"start":{"line":49,"column":12},"end":{"line":49,"column":101}},"28":{"start":{"line":50,"column":33},"end":{"line":50,"column":151}},"29":{"start":{"line":51,"column":35},"end":{"line":51,"column":91}},"30":{"start":{"line":52,"column":12},"end":{"line":59,"column":null}},"31":{"start":{"line":53,"column":16},"end":{"line":58,"column":null}},"32":{"start":{"line":55,"column":24},"end":{"line":55,"column":74}},"33":{"start":{"line":57,"column":24},"end":{"line":57,"column":81}},"34":{"start":{"line":60,"column":12},"end":{"line":60,"column":59}},"35":{"start":{"line":62,"column":12},"end":{"line":62,"column":22}},"36":{"start":{"line":67,"column":8},"end":{"line":73,"column":null}},"37":{"start":{"line":68,"column":12},"end":{"line":68,"column":105}},"38":{"start":{"line":69,"column":25},"end":{"line":69,"column":73}},"39":{"start":{"line":70,"column":12},"end":{"line":70,"column":59}},"40":{"start":{"line":72,"column":12},"end":{"line":72,"column":22}},"41":{"start":{"line":11,"column":21},"end":{"line":75,"column":null}},"42":{"start":{"line":11,"column":21},"end":{"line":11,"column":null}}},"fnMap":{"0":{"name":"(anonymous_5)","decl":{"start":{"line":12,"column":4},"end":{"line":12,"column":17}},"loc":{"start":{"line":12,"column":129},"end":{"line":15,"column":5}}},"1":{"name":"(anonymous_6)","decl":{"start":{"line":17,"column":11},"end":{"line":17,"column":16}},"loc":{"start":{"line":17,"column":92},"end":{"line":26,"column":5}}},"2":{"name":"(anonymous_7)","decl":{"start":{"line":28,"column":11},"end":{"line":28,"column":16}},"loc":{"start":{"line":28,"column":91},"end":{"line":45,"column":5}}},"3":{"name":"(anonymous_8)","decl":{"start":{"line":47,"column":11},"end":{"line":47,"column":16}},"loc":{"start":{"line":47,"column":93},"end":{"line":64,"column":5}}},"4":{"name":"(anonymous_9)","decl":{"start":{"line":66,"column":11},"end":{"line":66,"column":16}},"loc":{"start":{"line":66,"column":97},"end":{"line":74,"column":5}}}},"branchMap":{"0":{"loc":{"start":{"line":20,"column":58},"end":{"line":20,"column":76}},"type":"cond-expr","locations":[{"start":{"line":20,"column":71},"end":{"line":20,"column":73}},{"start":{"line":20,"column":71},"end":{"line":20,"column":76}}]},"1":{"loc":{"start":{"line":20,"column":58},"end":{"line":20,"column":73}},"type":"binary-expr","locations":[{"start":{"line":20,"column":58},"end":{"line":20,"column":73}},{"start":{"line":20,"column":71},"end":{"line":20,"column":73}}]},"2":{"loc":{"start":{"line":31,"column":55},"end":{"line":31,"column":73}},"type":"cond-expr","locations":[{"start":{"line":31,"column":68},"end":{"line":31,"column":70}},{"start":{"line":31,"column":68},"end":{"line":31,"column":73}}]},"3":{"loc":{"start":{"line":31,"column":55},"end":{"line":31,"column":70}},"type":"binary-expr","locations":[{"start":{"line":31,"column":55},"end":{"line":31,"column":70}},{"start":{"line":31,"column":68},"end":{"line":31,"column":70}}]},"4":{"loc":{"start":{"line":33,"column":12},"end":{"line":40,"column":null}},"type":"if","locations":[{"start":{"line":33,"column":12},"end":{"line":40,"column":null}}]},"5":{"loc":{"start":{"line":34,"column":16},"end":{"line":39,"column":null}},"type":"switch","locations":[{"start":{"line":35,"column":20},"end":{"line":36,"column":74}},{"start":{"line":37,"column":20},"end":{"line":38,"column":78}}]},"6":{"loc":{"start":{"line":50,"column":55},"end":{"line":50,"column":73}},"type":"cond-expr","locations":[{"start":{"line":50,"column":68},"end":{"line":50,"column":70}},{"start":{"line":50,"column":68},"end":{"line":50,"column":73}}]},"7":{"loc":{"start":{"line":50,"column":55},"end":{"line":50,"column":70}},"type":"binary-expr","locations":[{"start":{"line":50,"column":55},"end":{"line":50,"column":70}},{"start":{"line":50,"column":68},"end":{"line":50,"column":70}}]},"8":{"loc":{"start":{"line":52,"column":12},"end":{"line":59,"column":null}},"type":"if","locations":[{"start":{"line":52,"column":12},"end":{"line":59,"column":null}}]},"9":{"loc":{"start":{"line":53,"column":16},"end":{"line":58,"column":null}},"type":"switch","locations":[{"start":{"line":54,"column":20},"end":{"line":55,"column":74}},{"start":{"line":56,"column":20},"end":{"line":57,"column":81}}]}},"s":{"0":6,"1":6,"2":6,"3":6,"4":6,"5":6,"6":6,"7":6,"8":6,"9":6,"10":1,"11":1,"12":1,"13":1,"14":1,"15":0,"16":3,"17":3,"18":3,"19":3,"20":3,"21":2,"22":1,"23":1,"24":1,"25":2,"26":4,"27":4,"28":4,"29":4,"30":4,"31":3,"32":2,"33":1,"34":1,"35":3,"36":1,"37":1,"38":1,"39":1,"40":0,"41":6,"42":6},"f":{"0":6,"1":1,"2":3,"3":4,"4":1},"b":{"0":[0,1],"1":[1,1],"2":[0,3],"3":[3,3],"4":[2],"5":[1,1],"6":[0,4],"7":[4,4],"8":[3],"9":[2,1]}}
,"/Users/fawzi/Desktop/parcels-delivery-service/backend/services/shipment/Shipment.route.ts": {"path":"/Users/fawzi/Desktop/parcels-delivery-service/backend/services/shipment/Shipment.route.ts","statementMap":{"0":{"start":{"line":1,"column":0},"end":{"line":1,"column":66}},"1":{"start":{"line":2,"column":0},"end":{"line":2,"column":66}},"2":{"start":{"line":3,"column":0},"end":{"line":3,"column":37}},"3":{"start":{"line":4,"column":0},"end":{"line":4,"column":56}},"4":{"start":{"line":9,"column":12},"end":{"line":9,"column":41}},"5":{"start":{"line":10,"column":12},"end":{"line":10,"column":54}},"6":{"start":{"line":11,"column":12},"end":{"line":11,"column":93}},"7":{"start":{"line":14,"column":8},"end":{"line":14,"column":31}},"8":{"start":{"line":18,"column":8},"end":{"line":18,"column":187}},"9":{"start":{"line":19,"column":8},"end":{"line":19,"column":188}},"10":{"start":{"line":20,"column":8},"end":{"line":20,"column":194}},"11":{"start":{"line":21,"column":8},"end":{"line":21,"column":141}},"12":{"start":{"line":25,"column":8},"end":{"line":25,"column":null}},"13":{"start":{"line":29,"column":8},"end":{"line":29,"column":27}},"14":{"start":{"line":33,"column":0},"end":{"line":33,"column":30}}},"fnMap":{"0":{"name":"(anonymous_7)","decl":{"start":{"line":13,"column":4},"end":{"line":13,"column":null}},"loc":{"start":{"line":13,"column":4},"end":{"line":15,"column":5}}},"1":{"name":"(anonymous_8)","decl":{"start":{"line":17,"column":12},"end":{"line":17,"column":27}},"loc":{"start":{"line":17,"column":27},"end":{"line":22,"column":5}}},"2":{"name":"(anonymous_9)","decl":{"start":{"line":24,"column":4},"end":{"line":24,"column":15}},"loc":{"start":{"line":24,"column":24},"end":{"line":26,"column":5}}},"3":{"name":"(anonymous_10)","decl":{"start":{"line":28,"column":4},"end":{"line":28,"column":15}},"loc":{"start":{"line":28,"column":24},"end":{"line":30,"column":5}}}},"branchMap":{},"s":{"0":6,"1":6,"2":6,"3":6,"4":6,"5":6,"6":6,"7":6,"8":6,"9":6,"10":6,"11":6,"12":6,"13":6,"14":6},"f":{"0":6,"1":6,"2":6,"3":6},"b":{}}
,"/Users/fawzi/Desktop/parcels-delivery-service/backend/services/shipment/Shipment.service.ts": {"path":"/Users/fawzi/Desktop/parcels-delivery-service/backend/services/shipment/Shipment.service.ts","statementMap":{"0":{"start":{"line":1,"column":0},"end":{"line":1,"column":46}},"1":{"start":{"line":6,"column":0},"end":{"line":6,"column":69}},"2":{"start":{"line":9,"column":15},"end":{"line":61,"column":null}},"3":{"start":{"line":10,"column":54},"end":{"line":10,"column":93}},"4":{"start":{"line":10,"column":121},"end":{"line":10,"column":139}},"5":{"start":{"line":11,"column":8},"end":{"line":11,"column":53}},"6":{"start":{"line":12,"column":8},"end":{"line":12,"column":29}},"7":{"start":{"line":16,"column":8},"end":{"line":16,"column":97}},"8":{"start":{"line":17,"column":29},"end":{"line":17,"column":87}},"9":{"start":{"line":18,"column":8},"end":{"line":18,"column":36}},"10":{"start":{"line":22,"column":8},"end":{"line":22,"column":96}},"11":{"start":{"line":23,"column":25},"end":{"line":23,"column":92}},"12":{"start":{"line":24,"column":8},"end":{"line":26,"column":null}},"13":{"start":{"line":25,"column":12},"end":{"line":25,"column":null}},"14":{"start":{"line":28,"column":8},"end":{"line":30,"column":null}},"15":{"start":{"line":29,"column":12},"end":{"line":29,"column":null}},"16":{"start":{"line":32,"column":28},"end":{"line":32,"column":73}},"17":{"start":{"line":33,"column":8},"end":{"line":33,"column":38}},"18":{"start":{"line":34,"column":32},"end":{"line":34,"column":114}},"19":{"start":{"line":35,"column":8},"end":{"line":35,"column":39}},"20":{"start":{"line":39,"column":8},"end":{"line":39,"column":98}},"21":{"start":{"line":40,"column":25},"end":{"line":40,"column":124}},"22":{"start":{"line":41,"column":8},"end":{"line":43,"column":null}},"23":{"start":{"line":42,"column":12},"end":{"line":42,"column":null}},"24":{"start":{"line":45,"column":8},"end":{"line":47,"column":null}},"25":{"start":{"line":46,"column":12},"end":{"line":46,"column":null}},"26":{"start":{"line":49,"column":28},"end":{"line":49,"column":73}},"27":{"start":{"line":50,"column":8},"end":{"line":50,"column":38}},"28":{"start":{"line":51,"column":32},"end":{"line":51,"column":114}},"29":{"start":{"line":52,"column":8},"end":{"line":52,"column":39}},"30":{"start":{"line":56,"column":8},"end":{"line":56,"column":70}},"31":{"start":{"line":57,"column":26},"end":{"line":57,"column":78}},"32":{"start":{"line":58,"column":8},"end":{"line":58,"column":25}},"33":{"start":{"line":9,"column":21},"end":{"line":61,"column":null}},"34":{"start":{"line":9,"column":21},"end":{"line":9,"column":null}}},"fnMap":{"0":{"name":"(anonymous_4)","decl":{"start":{"line":10,"column":4},"end":{"line":10,"column":17}},"loc":{"start":{"line":10,"column":139},"end":{"line":13,"column":5}}},"1":{"name":"(anonymous_5)","decl":{"start":{"line":15,"column":11},"end":{"line":15,"column":16}},"loc":{"start":{"line":15,"column":61},"end":{"line":19,"column":5}}},"2":{"name":"(anonymous_6)","decl":{"start":{"line":21,"column":11},"end":{"line":21,"column":16}},"loc":{"start":{"line":21,"column":62},"end":{"line":36,"column":5}}},"3":{"name":"(anonymous_7)","decl":{"start":{"line":38,"column":11},"end":{"line":38,"column":16}},"loc":{"start":{"line":38,"column":66},"end":{"line":53,"column":5}}},"4":{"name":"(anonymous_8)","decl":{"start":{"line":55,"column":11},"end":{"line":55,"column":16}},"loc":{"start":{"line":55,"column":36},"end":{"line":59,"column":5}}}},"branchMap":{"0":{"loc":{"start":{"line":24,"column":8},"end":{"line":26,"column":null}},"type":"if","locations":[{"start":{"line":24,"column":8},"end":{"line":26,"column":null}}]},"1":{"loc":{"start":{"line":28,"column":8},"end":{"line":30,"column":null}},"type":"if","locations":[{"start":{"line":28,"column":8},"end":{"line":30,"column":null}}]},"2":{"loc":{"start":{"line":41,"column":8},"end":{"line":43,"column":null}},"type":"if","locations":[{"start":{"line":41,"column":8},"end":{"line":43,"column":null}}]},"3":{"loc":{"start":{"line":45,"column":8},"end":{"line":47,"column":null}},"type":"if","locations":[{"start":{"line":45,"column":8},"end":{"line":47,"column":null}}]}},"s":{"0":6,"1":6,"2":6,"3":6,"4":6,"5":6,"6":6,"7":1,"8":1,"9":1,"10":3,"11":3,"12":3,"13":1,"14":2,"15":1,"16":1,"17":1,"18":1,"19":1,"20":4,"21":4,"22":4,"23":2,"24":2,"25":1,"26":1,"27":1,"28":1,"29":1,"30":1,"31":1,"32":1,"33":6,"34":6},"f":{"0":6,"1":1,"2":3,"3":4,"4":1},"b":{"0":[1],"1":[1],"2":[2],"3":[1]}}
,"/Users/fawzi/Desktop/parcels-delivery-service/backend/services/shipment/index.ts": {"path":"/Users/fawzi/Desktop/parcels-delivery-service/backend/services/shipment/index.ts","statementMap":{"0":{"start":{"line":1,"column":0},"end":{"line":1,"column":9}},"1":{"start":{"line":1,"column":9},"end":{"line":1,"column":34}},"2":{"start":{"line":2,"column":0},"end":{"line":2,"column":9}},"3":{"start":{"line":2,"column":9},"end":{"line":2,"column":35}},"4":{"start":{"line":3,"column":0},"end":{"line":3,"column":9}},"5":{"start":{"line":3,"column":9},"end":{"line":3,"column":38}},"6":{"start":{"line":5,"column":0},"end":{"line":5,"column":9}},"7":{"start":{"line":5,"column":9},"end":{"line":5,"column":64}}},"fnMap":{"0":{"name":"(anonymous_1)","decl":{"start":{"line":1,"column":9},"end":{"line":1,"column":16}},"loc":{"start":{"line":1,"column":9},"end":{"line":1,"column":34}}},"1":{"name":"(anonymous_2)","decl":{"start":{"line":2,"column":9},"end":{"line":2,"column":16}},"loc":{"start":{"line":2,"column":9},"end":{"line":2,"column":35}}},"2":{"name":"(anonymous_3)","decl":{"start":{"line":3,"column":9},"end":{"line":3,"column":16}},"loc":{"start":{"line":3,"column":9},"end":{"line":3,"column":38}}},"3":{"name":"(anonymous_4)","decl":{"start":{"line":5,"column":9},"end":{"line":5,"column":34}},"loc":{"start":{"line":5,"column":9},"end":{"line":5,"column":64}}}},"branchMap":{},"s":{"0":6,"1":12,"2":6,"3":12,"4":6,"5":12,"6":6,"7":6},"f":{"0":6,"1":6,"2":6,"3":0},"b":{}}
,"/Users/fawzi/Desktop/parcels-delivery-service/backend/services/shipment/shipment.validation.ts": {"path":"/Users/fawzi/Desktop/parcels-delivery-service/backend/services/shipment/shipment.validation.ts","statementMap":{"0":{"start":{"line":1,"column":0},"end":{"line":1,"column":21}},"1":{"start":{"line":3,"column":13},"end":{"line":7,"column":3}},"2":{"start":{"line":9,"column":13},"end":{"line":13,"column":3}},"3":{"start":{"line":15,"column":13},"end":{"line":17,"column":3}}},"fnMap":{},"branchMap":{},"s":{"0":6,"1":6,"2":6,"3":6},"f":{},"b":{}}
,"/Users/fawzi/Desktop/parcels-delivery-service/backend/services/shipment/repository/mongodb/ShipmentRepository.mongodb.ts": {"path":"/Users/fawzi/Desktop/parcels-delivery-service/backend/services/shipment/repository/mongodb/ShipmentRepository.mongodb.ts","statementMap":{"0":{"start":{"line":3,"column":0},"end":{"line":3,"column":65}},"1":{"start":{"line":6,"column":12},"end":{"line":6,"column":42}},"2":{"start":{"line":9,"column":25},"end":{"line":9,"column":70}},"3":{"start":{"line":10,"column":8},"end":{"line":10,"column":24}},"4":{"start":{"line":14,"column":25},"end":{"line":14,"column":85}},"5":{"start":{"line":15,"column":8},"end":{"line":15,"column":24}},"6":{"start":{"line":19,"column":25},"end":{"line":19,"column":100}},"7":{"start":{"line":20,"column":8},"end":{"line":20,"column":24}},"8":{"start":{"line":24,"column":25},"end":{"line":24,"column":70}},"9":{"start":{"line":25,"column":8},"end":{"line":25,"column":24}},"10":{"start":{"line":29,"column":25},"end":{"line":29,"column":94}},"11":{"start":{"line":30,"column":8},"end":{"line":30,"column":24}},"12":{"start":{"line":34,"column":26},"end":{"line":34,"column":144}},"13":{"start":{"line":35,"column":8},"end":{"line":35,"column":25}},"14":{"start":{"line":5,"column":0},"end":{"line":5,"column":21}}},"fnMap":{"0":{"name":"(anonymous_6)","decl":{"start":{"line":5,"column":0},"end":{"line":5,"column":21}},"loc":{"start":{"line":5,"column":0},"end":{"line":37,"column":1}}},"1":{"name":"(anonymous_7)","decl":{"start":{"line":8,"column":4},"end":{"line":8,"column":9}},"loc":{"start":{"line":8,"column":57},"end":{"line":11,"column":5}}},"2":{"name":"(anonymous_8)","decl":{"start":{"line":13,"column":4},"end":{"line":13,"column":9}},"loc":{"start":{"line":13,"column":41},"end":{"line":16,"column":5}}},"3":{"name":"(anonymous_9)","decl":{"start":{"line":18,"column":4},"end":{"line":18,"column":9}},"loc":{"start":{"line":18,"column":61},"end":{"line":21,"column":5}}},"4":{"name":"(anonymous_10)","decl":{"start":{"line":23,"column":4},"end":{"line":23,"column":9}},"loc":{"start":{"line":23,"column":56},"end":{"line":26,"column":5}}},"5":{"name":"(anonymous_11)","decl":{"start":{"line":28,"column":4},"end":{"line":28,"column":9}},"loc":{"start":{"line":28,"column":70},"end":{"line":31,"column":5}}},"6":{"name":"(anonymous_12)","decl":{"start":{"line":33,"column":4},"end":{"line":33,"column":9}},"loc":{"start":{"line":33,"column":30},"end":{"line":36,"column":5}}}},"branchMap":{},"s":{"0":6,"1":0,"2":0,"3":0,"4":0,"5":0,"6":0,"7":0,"8":0,"9":0,"10":0,"11":0,"12":0,"13":0,"14":6},"f":{"0":0,"1":0,"2":0,"3":0,"4":0,"5":0,"6":0},"b":{}}
,"/Users/fawzi/Desktop/parcels-delivery-service/backend/services/shipment/repository/mongodb/index.ts": {"path":"/Users/fawzi/Desktop/parcels-delivery-service/backend/services/shipment/repository/mongodb/index.ts","statementMap":{"0":{"start":{"line":1,"column":0},"end":{"line":1,"column":9}},"1":{"start":{"line":1,"column":9},"end":{"line":1,"column":45}}},"fnMap":{"0":{"name":"(anonymous_1)","decl":{"start":{"line":1,"column":9},"end":{"line":1,"column":16}},"loc":{"start":{"line":1,"column":9},"end":{"line":1,"column":45}}}},"branchMap":{},"s":{"0":6,"1":6},"f":{"0":0},"b":{}}
,"/Users/fawzi/Desktop/parcels-delivery-service/backend/services/shipment/repository/mongodb/shipment.model.ts": {"path":"/Users/fawzi/Desktop/parcels-delivery-service/backend/services/shipment/repository/mongodb/shipment.model.ts","statementMap":{"0":{"start":{"line":1,"column":0},"end":{"line":1,"column":44}},"1":{"start":{"line":3,"column":0},"end":{"line":3,"column":null}},"2":{"start":{"line":4,"column":1},"end":{"line":4,"column":null}},"3":{"start":{"line":5,"column":1},"end":{"line":5,"column":null}},"4":{"start":{"line":6,"column":1},"end":{"line":6,"column":null}},"5":{"start":{"line":7,"column":1},"end":{"line":7,"column":null}},"6":{"start":{"line":21,"column":13},"end":{"line":32,"column":3}},"7":{"start":{"line":35,"column":22},"end":{"line":35,"column":81}},"8":{"start":{"line":37,"column":0},"end":{"line":37,"column":29}}},"fnMap":{"0":{"name":"(anonymous_6)","decl":{"start":{"line":3,"column":0},"end":{"line":3,"column":12}},"loc":{"start":{"line":3,"column":26},"end":{"line":8,"column":1}}}},"branchMap":{"0":{"loc":{"start":{"line":3,"column":12},"end":{"line":3,"column":null}},"type":"binary-expr","locations":[{"start":{"line":3,"column":12},"end":{"line":3,"column":26}},{"start":{"line":3,"column":12},"end":{"line":3,"column":null}}]}},"s":{"0":6,"1":6,"2":6,"3":6,"4":6,"5":6,"6":6,"7":6,"8":6},"f":{"0":6},"b":{"0":[6,6]}}
,"/Users/fawzi/Desktop/parcels-delivery-service/backend/services/shipment/tests/mocks/ShipmentRepository.mock.ts": {"path":"/Users/fawzi/Desktop/parcels-delivery-service/backend/services/shipment/tests/mocks/ShipmentRepository.mock.ts","statementMap":{"0":{"start":{"line":5,"column":12},"end":{"line":47,"column":6}},"1":{"start":{"line":50,"column":8},"end":{"line":52,"column":null}},"2":{"start":{"line":51,"column":12},"end":{"line":51,"column":null}},"3":{"start":{"line":53,"column":8},"end":{"line":53,"column":20}},"4":{"start":{"line":57,"column":8},"end":{"line":59,"column":null}},"5":{"start":{"line":63,"column":8},"end":{"line":63,"column":60}},"6":{"start":{"line":64,"column":8},"end":{"line":64,"column":28}},"7":{"start":{"line":68,"column":8},"end":{"line":73,"column":null}},"8":{"start":{"line":69,"column":12},"end":{"line":71,"column":null}},"9":{"start":{"line":70,"column":16},"end":{"line":70,"column":28}},"10":{"start":{"line":72,"column":12},"end":{"line":72,"column":null}},"11":{"start":{"line":74,"column":8},"end":{"line":74,"column":20}},"12":{"start":{"line":78,"column":8},"end":{"line":78,"column":103}},"13":{"start":{"line":78,"column":64},"end":{"line":78,"column":101}},"14":{"start":{"line":4,"column":0},"end":{"line":4,"column":21}}},"fnMap":{"0":{"name":"(anonymous_0)","decl":{"start":{"line":4,"column":0},"end":{"line":4,"column":21}},"loc":{"start":{"line":4,"column":0},"end":{"line":80,"column":1}}},"1":{"name":"(anonymous_1)","decl":{"start":{"line":49,"column":4},"end":{"line":49,"column":9}},"loc":{"start":{"line":49,"column":41},"end":{"line":54,"column":5}}},"2":{"name":"(anonymous_2)","decl":{"start":{"line":56,"column":4},"end":{"line":56,"column":9}},"loc":{"start":{"line":56,"column":61},"end":{"line":60,"column":5}}},"3":{"name":"(anonymous_3)","decl":{"start":{"line":62,"column":4},"end":{"line":62,"column":9}},"loc":{"start":{"line":62,"column":57},"end":{"line":65,"column":5}}},"4":{"name":"(anonymous_4)","decl":{"start":{"line":67,"column":4},"end":{"line":67,"column":9}},"loc":{"start":{"line":67,"column":70},"end":{"line":75,"column":5}}},"5":{"name":"(anonymous_5)","decl":{"start":{"line":77,"column":4},"end":{"line":77,"column":9}},"loc":{"start":{"line":77,"column":30},"end":{"line":79,"column":5}}},"6":{"name":"(anonymous_6)","decl":{"start":{"line":78,"column":52},"end":{"line":78,"column":60}},"loc":{"start":{"line":78,"column":64},"end":{"line":78,"column":101}}}},"branchMap":{"0":{"loc":{"start":{"line":50,"column":8},"end":{"line":52,"column":null}},"type":"if","locations":[{"start":{"line":50,"column":8},"end":{"line":52,"column":null}}]},"1":{"loc":{"start":{"line":68,"column":8},"end":{"line":73,"column":null}},"type":"if","locations":[{"start":{"line":68,"column":8},"end":{"line":73,"column":null}}]},"2":{"loc":{"start":{"line":69,"column":12},"end":{"line":71,"column":null}},"type":"if","locations":[{"start":{"line":69,"column":12},"end":{"line":71,"column":null}}]}},"s":{"0":6,"1":3,"2":2,"3":1,"4":2,"5":1,"6":1,"7":4,"8":3,"9":1,"10":2,"11":1,"12":1,"13":5,"14":6},"f":{"0":6,"1":3,"2":2,"3":1,"4":4,"5":1,"6":5},"b":{"0":[2],"1":[3],"2":[1]}}
,"/Users/fawzi/Desktop/parcels-delivery-service/backend/services/shipment/tests/mocks/index.ts": {"path":"/Users/fawzi/Desktop/parcels-delivery-service/backend/services/shipment/tests/mocks/index.ts","statementMap":{"0":{"start":{"line":1,"column":0},"end":{"line":1,"column":9}},"1":{"start":{"line":1,"column":9},"end":{"line":1,"column":42}}},"fnMap":{"0":{"name":"(anonymous_1)","decl":{"start":{"line":1,"column":9},"end":{"line":1,"column":16}},"loc":{"start":{"line":1,"column":9},"end":{"line":1,"column":42}}}},"branchMap":{},"s":{"0":6,"1":12},"f":{"0":6},"b":{}}
,"/Users/fawzi/Desktop/parcels-delivery-service/backend/tests/mocks/Database.mock.ts": {"path":"/Users/fawzi/Desktop/parcels-delivery-service/backend/tests/mocks/Database.mock.ts","statementMap":{"0":{"start":{"line":3,"column":0},"end":{"line":3,"column":21}}},"fnMap":{"0":{"name":"(anonymous_0)","decl":{"start":{"line":4,"column":4},"end":{"line":4,"column":17}},"loc":{"start":{"line":4,"column":17},"end":{"line":6,"column":5}}}},"branchMap":{},"s":{"0":6},"f":{"0":6},"b":{}}
,"/Users/fawzi/Desktop/parcels-delivery-service/backend/tests/mocks/Logger.mock.ts": {"path":"/Users/fawzi/Desktop/parcels-delivery-service/backend/tests/mocks/Logger.mock.ts","statementMap":{"0":{"start":{"line":17,"column":0},"end":{"line":17,"column":26}}},"fnMap":{"0":{"name":"(anonymous_0)","decl":{"start":{"line":4,"column":11},"end":{"line":4,"column":15}},"loc":{"start":{"line":4,"column":30},"end":{"line":5,"column":5}}},"1":{"name":"(anonymous_1)","decl":{"start":{"line":7,"column":11},"end":{"line":7,"column":15}},"loc":{"start":{"line":7,"column":30},"end":{"line":8,"column":5}}},"2":{"name":"(anonymous_2)","decl":{"start":{"line":10,"column":11},"end":{"line":10,"column":16}},"loc":{"start":{"line":10,"column":31},"end":{"line":11,"column":5}}},"3":{"name":"(anonymous_3)","decl":{"start":{"line":13,"column":12},"end":{"line":13,"column":18}},"loc":{"start":{"line":13,"column":47},"end":{"line":14,"column":5}}}},"branchMap":{},"s":{"0":6},"f":{"0":48,"1":0,"2":4,"3":0},"b":{}}
,"/Users/fawzi/Desktop/parcels-delivery-service/backend/tests/mocks/index.ts": {"path":"/Users/fawzi/Desktop/parcels-delivery-service/backend/tests/mocks/index.ts","statementMap":{"0":{"start":{"line":1,"column":0},"end":{"line":1,"column":9}},"1":{"start":{"line":1,"column":9},"end":{"line":1,"column":32}}},"fnMap":{"0":{"name":"(anonymous_1)","decl":{"start":{"line":1,"column":9},"end":{"line":1,"column":16}},"loc":{"start":{"line":1,"column":9},"end":{"line":1,"column":32}}}},"branchMap":{},"s":{"0":6,"1":12},"f":{"0":6},"b":{}}
,"/Users/fawzi/Desktop/parcels-delivery-service/backend/utils/ConsoleLogger.ts": {"path":"/Users/fawzi/Desktop/parcels-delivery-service/backend/utils/ConsoleLogger.ts","statementMap":{"0":{"start":{"line":5,"column":8},"end":{"line":5,"column":36}},"1":{"start":{"line":9,"column":8},"end":{"line":9,"column":36}},"2":{"start":{"line":13,"column":8},"end":{"line":13,"column":37}},"3":{"start":{"line":17,"column":28},"end":{"line":17,"column":38}},"4":{"start":{"line":18,"column":27},"end":{"line":18,"column":96}},"5":{"start":{"line":19,"column":25},"end":{"line":19,"column":90}},"6":{"start":{"line":20,"column":27},"end":{"line":20,"column":58}},"7":{"start":{"line":21,"column":8},"end":{"line":21,"column":59}},"8":{"start":{"line":25,"column":0},"end":{"line":25,"column":29}}},"fnMap":{"0":{"name":"(anonymous_0)","decl":{"start":{"line":4,"column":11},"end":{"line":4,"column":15}},"loc":{"start":{"line":4,"column":30},"end":{"line":6,"column":5}}},"1":{"name":"(anonymous_1)","decl":{"start":{"line":8,"column":11},"end":{"line":8,"column":15}},"loc":{"start":{"line":8,"column":30},"end":{"line":10,"column":5}}},"2":{"name":"(anonymous_2)","decl":{"start":{"line":12,"column":11},"end":{"line":12,"column":16}},"loc":{"start":{"line":12,"column":31},"end":{"line":14,"column":5}}},"3":{"name":"(anonymous_3)","decl":{"start":{"line":16,"column":12},"end":{"line":16,"column":18}},"loc":{"start":{"line":16,"column":47},"end":{"line":22,"column":5}}}},"branchMap":{},"s":{"0":0,"1":0,"2":0,"3":0,"4":0,"5":0,"6":0,"7":0,"8":6},"f":{"0":0,"1":0,"2":0,"3":0},"b":{}}
,"/Users/fawzi/Desktop/parcels-delivery-service/backend/utils/Response.ts": {"path":"/Users/fawzi/Desktop/parcels-delivery-service/backend/utils/Response.ts","statementMap":{"0":{"start":{"line":13,"column":8},"end":{"line":13,"column":null}},"1":{"start":{"line":17,"column":8},"end":{"line":17,"column":null}},"2":{"start":{"line":3,"column":0},"end":{"line":3,"column":13}},"3":{"start":{"line":4,"column":19},"end":{"line":10,"column":6}},"4":{"start":{"line":5,"column":8},"end":{"line":9,"column":11}}},"fnMap":{"0":{"name":"(anonymous_0)","decl":{"start":{"line":12,"column":11},"end":{"line":12,"column":17}},"loc":{"start":{"line":12,"column":70},"end":{"line":14,"column":5}}},"1":{"name":"(anonymous_1)","decl":{"start":{"line":16,"column":11},"end":{"line":16,"column":17}},"loc":{"start":{"line":16,"column":87},"end":{"line":18,"column":5}}},"2":{"name":"(anonymous_2)","decl":{"start":{"line":4,"column":33},"end":{"line":4,"column":34}},"loc":{"start":{"line":4,"column":116},"end":{"line":10,"column":5}}}},"branchMap":{},"s":{"0":6,"1":0,"2":6,"3":6,"4":6},"f":{"0":6,"1":0,"2":6},"b":{}}
,"/Users/fawzi/Desktop/parcels-delivery-service/backend/utils/index.ts": {"path":"/Users/fawzi/Desktop/parcels-delivery-service/backend/utils/index.ts","statementMap":{"0":{"start":{"line":1,"column":0},"end":{"line":1,"column":9}},"1":{"start":{"line":1,"column":9},"end":{"line":1,"column":33}}},"fnMap":{"0":{"name":"(anonymous_1)","decl":{"start":{"line":1,"column":9},"end":{"line":1,"column":16}},"loc":{"start":{"line":1,"column":9},"end":{"line":1,"column":33}}}},"branchMap":{},"s":{"0":6,"1":6},"f":{"0":0},"b":{}}
}
