TN:
SF:index.ts
FNF:0
FNH:0
DA:1,9
DA:2,9
DA:3,9
DA:4,9
DA:5,9
DA:6,9
DA:9,9
DA:10,0
DA:12,9
DA:15,9
DA:17,9
DA:18,9
LF:12
LH:11
BRDA:9,0,0,0
BRDA:9,0,1,9
BRF:2
BRH:1
end_of_record
TN:
SF:server.ts
FN:7,(anonymous_1)
FN:11,(anonymous_2)
FN:18,(anonymous_3)
FN:26,(anonymous_4)
FNF:4
FNH:3
FNDA:9,(anonymous_1)
FNDA:9,(anonymous_2)
FNDA:9,(anonymous_3)
FNDA:0,(anonymous_4)
DA:1,9
DA:3,9
DA:7,9
DA:8,9
DA:9,9
DA:10,9
DA:11,9
DA:12,9
DA:13,0
DA:19,9
DA:20,9
DA:23,9
DA:27,0
LF:13
LH:11
BRDA:9,0,0,9
BRDA:9,0,1,0
BRDA:12,1,0,0
BRDA:19,2,0,9
BRF:4
BRH:2
end_of_record
TN:
SF:di/Tokens.ts
FNF:0
FNH:0
DA:1,9
LF:1
LH:1
BRF:0
BRH:0
end_of_record
TN:
SF:di/index.ts
FN:1,(anonymous_1)
FN:2,(anonymous_2)
FNF:2
FNH:1
FNDA:0,(anonymous_1)
FNDA:9,(anonymous_2)
DA:1,9
DA:2,18
LF:2
LH:2
BRF:0
BRH:0
end_of_record
TN:
SF:di/production.ts
FN:10,regesterDependencies
FNF:1
FNH:0
FNDA:0,regesterDependencies
DA:1,9
DA:2,9
DA:3,9
DA:4,9
DA:5,9
DA:7,9
DA:8,9
DA:10,9
DA:12,0
DA:13,0
DA:16,0
DA:17,0
DA:20,0
DA:21,0
DA:24,0
DA:25,0
LF:16
LH:8
BRF:0
BRH:0
end_of_record
TN:
SF:helpers/bcrypt.ts
FN:3,(anonymous_6)
FNF:1
FNH:1
FNDA:4,(anonymous_6)
DA:1,9
DA:3,9
DA:4,4
DA:5,4
LF:4
LH:4
BRF:0
BRH:0
end_of_record
TN:
SF:helpers/index.ts
FN:1,(anonymous_0)
FN:2,(anonymous_1)
FN:2,(anonymous_2)
FN:2,(anonymous_3)
FNF:4
FNH:4
FNDA:4,(anonymous_0)
FNDA:18,(anonymous_1)
FNDA:26,(anonymous_2)
FNDA:2,(anonymous_3)
DA:1,13
DA:2,35
LF:2
LH:2
BRF:0
BRH:0
end_of_record
TN:
SF:helpers/jwt.ts
FN:4,(anonymous_6)
FN:13,(anonymous_7)
FN:22,(anonymous_8)
FNF:3
FNH:3
FNDA:18,(anonymous_6)
FNDA:26,(anonymous_7)
FNDA:2,(anonymous_8)
DA:1,9
DA:2,9
DA:4,9
DA:5,18
DA:6,18
DA:7,18
DA:9,0
DA:13,9
DA:14,26
DA:15,26
DA:16,26
DA:18,0
DA:22,9
DA:23,2
DA:24,2
DA:25,2
DA:27,0
LF:17
LH:14
BRF:0
BRH:0
end_of_record
TN:
SF:middlewares/index.ts
FN:1,(anonymous_1)
FN:2,(anonymous_2)
FN:3,(anonymous_3)
FNF:3
FNH:3
FNDA:54,(anonymous_1)
FNDA:63,(anonymous_2)
FNDA:63,(anonymous_3)
DA:1,63
DA:2,72
DA:3,72
LF:3
LH:3
BRF:0
BRH:0
end_of_record
TN:
SF:middlewares/is-allowed.ts
FN:5,(anonymous_0)
FN:6,(anonymous_1)
FNF:2
FNH:2
FNDA:63,(anonymous_0)
FNDA:26,(anonymous_1)
DA:2,9
DA:5,9
DA:6,63
DA:7,26
DA:8,26
DA:9,26
DA:10,19
DA:12,7
DA:15,7
DA:16,7
DA:21,9
LF:11
LH:11
BRDA:9,0,0,19
BRDA:9,0,1,7
BRF:2
BRH:2
end_of_record
TN:
SF:middlewares/is-auth.ts
FN:6,(anonymous_0)
FNF:1
FNH:1
FNDA:33,(anonymous_0)
DA:1,9
DA:3,9
DA:6,9
DA:7,33
DA:8,33
DA:9,33
DA:10,7
DA:13,26
DA:14,26
DA:16,26
DA:17,26
DA:18,26
DA:22,26
DA:25,7
DA:26,7
DA:30,9
LF:16
LH:16
BRDA:9,0,0,7
BRDA:9,0,1,26
BRDA:17,1,0,26
BRF:3
BRH:3
end_of_record
TN:
SF:middlewares/validateSchema.ts
FN:5,(anonymous_0)
FN:6,(anonymous_1)
FN:16,(anonymous_2)
FNF:3
FNH:3
FNDA:54,(anonymous_0)
FNDA:24,(anonymous_1)
FNDA:10,(anonymous_2)
DA:2,9
DA:5,9
DA:6,54
DA:7,24
DA:10,24
DA:12,24
DA:13,18
DA:15,6
DA:16,10
DA:17,6
DA:18,6
DA:23,9
LF:12
LH:12
BRDA:5,0,0,54
BRDA:5,1,0,54
BRDA:12,2,0,18
BRDA:12,2,1,6
BRF:4
BRH:4
end_of_record
TN:
SF:providers/App.ts
FN:14,(anonymous_11)
FN:23,(anonymous_12)
FN:32,(anonymous_13)
FN:37,(anonymous_14)
FN:43,(anonymous_15)
FN:49,(anonymous_16)
FN:54,(anonymous_17)
FNF:7
FNH:7
FNDA:9,(anonymous_11)
FNDA:9,(anonymous_12)
FNDA:9,(anonymous_13)
FNDA:9,(anonymous_14)
FNDA:9,(anonymous_15)
FNDA:32,(anonymous_16)
FNDA:9,(anonymous_17)
DA:2,9
DA:3,9
DA:4,9
DA:5,9
DA:6,9
DA:7,9
DA:8,9
DA:9,9
DA:11,9
DA:14,9
DA:15,9
DA:16,9
DA:17,9
DA:18,9
DA:19,9
DA:20,9
DA:24,9
DA:25,9
DA:26,0
DA:28,9
DA:33,9
DA:34,9
DA:38,9
DA:39,9
DA:40,9
DA:45,9
DA:47,9
DA:49,9
DA:50,32
DA:55,9
LF:30
LH:29
BRDA:25,0,0,0
BRDA:25,0,1,9
BRF:2
BRH:1
end_of_record
TN:
SF:providers/Database.ts
FN:9,(anonymous_11)
FN:13,(anonymous_12)
FN:15,(anonymous_13)
FN:25,(anonymous_14)
FNF:4
FNH:0
FNDA:0,(anonymous_11)
FNDA:0,(anonymous_12)
FNDA:0,(anonymous_13)
FNDA:0,(anonymous_14)
DA:1,9
DA:2,9
DA:4,9
DA:5,9
DA:7,9
DA:8,0
DA:9,0
DA:10,0
DA:14,0
DA:15,0
DA:16,0
DA:17,0
DA:18,0
DA:20,0
DA:26,0
DA:27,0
DA:28,0
DA:30,0
DA:34,9
LF:19
LH:6
BRDA:16,0,0,0
BRDA:16,0,1,0
BRDA:26,1,0,0
BRF:3
BRH:0
end_of_record
TN:
SF:providers/ErrorHandler.ts
FN:5,(anonymous_0)
FN:12,(anonymous_1)
FNF:2
FNH:2
FNDA:32,(anonymous_0)
FNDA:32,(anonymous_1)
DA:4,9
DA:5,32
DA:6,32
DA:7,32
DA:8,32
DA:12,9
DA:13,32
DA:14,32
LF:8
LH:8
BRDA:13,0,0,0
BRDA:13,1,0,26
BRF:2
BRH:1
end_of_record
TN:
SF:providers/Locals.ts
FN:11,(anonymous_0)
FN:25,(anonymous_1)
FNF:2
FNH:2
FNDA:9,(anonymous_0)
FNDA:9,(anonymous_1)
DA:12,9
DA:13,9
DA:14,9
DA:15,9
DA:17,9
DA:26,9
DA:27,9
DA:31,9
LF:8
LH:8
BRDA:12,0,0,9
BRDA:12,0,1,9
BRDA:13,1,0,9
BRDA:13,1,1,0
BRDA:14,2,0,9
BRDA:14,2,1,0
BRF:6
BRH:4
end_of_record
TN:
SF:providers/Routes.ts
FN:10,(anonymous_1)
FN:15,(anonymous_2)
FN:22,(anonymous_3)
FN:26,(anonymous_4)
FN:34,(anonymous_5)
FNF:5
FNH:4
FNDA:9,(anonymous_1)
FNDA:0,(anonymous_2)
FNDA:9,(anonymous_3)
FNDA:41,(anonymous_4)
FNDA:9,(anonymous_5)
DA:1,9
DA:2,9
DA:3,9
DA:4,9
DA:5,9
DA:8,9
DA:11,9
DA:13,9
DA:15,9
DA:17,9
DA:19,9
DA:24,9
DA:26,9
DA:27,41
DA:28,41
DA:29,41
DA:30,41
DA:36,9
DA:37,9
DA:39,9
DA:40,9
DA:42,9
DA:43,9
DA:47,9
LF:24
LH:24
BRF:0
BRH:0
end_of_record
TN:
SF:providers/index.ts
FN:1,(anonymous_5)
FN:3,(anonymous_6)
FNF:2
FNH:1
FNDA:9,(anonymous_5)
FNDA:0,(anonymous_6)
DA:1,18
DA:2,9
DA:3,9
LF:3
LH:3
BRF:0
BRH:0
end_of_record
TN:
SF:services/biker/Biker.controller.ts
FN:11,(anonymous_5)
FN:16,(anonymous_6)
FNF:2
FNH:2
FNDA:9,(anonymous_5)
FNDA:3,(anonymous_6)
DA:1,9
DA:3,9
DA:5,9
DA:6,9
DA:7,9
DA:10,9
DA:11,9
DA:12,9
DA:13,9
DA:17,3
DA:18,3
DA:19,3
DA:20,3
DA:21,2
DA:23,1
DA:25,2
LF:16
LH:16
BRDA:20,0,0,2
BRF:1
BRH:1
end_of_record
TN:
SF:services/biker/Biker.route.ts
FN:12,(anonymous_7)
FN:16,(anonymous_8)
FN:20,(anonymous_9)
FN:24,(anonymous_10)
FNF:4
FNH:4
FNDA:9,(anonymous_7)
FNDA:9,(anonymous_8)
FNDA:9,(anonymous_9)
FNDA:9,(anonymous_10)
DA:1,9
DA:2,9
DA:3,9
DA:4,9
DA:5,9
DA:8,9
DA:9,9
DA:10,9
DA:13,9
DA:17,9
DA:21,9
DA:25,9
DA:29,9
LF:13
LH:13
BRF:0
BRH:0
end_of_record
TN:
SF:services/biker/Biker.service.ts
FN:9,(anonymous_4)
FN:14,(anonymous_5)
FNF:2
FNH:2
FNDA:9,(anonymous_4)
FNDA:3,(anonymous_5)
DA:1,9
DA:4,9
DA:5,9
DA:8,9
DA:9,9
DA:10,9
DA:11,9
DA:15,3
DA:16,3
DA:17,3
DA:18,1
DA:19,1
DA:21,2
DA:22,2
DA:23,1
DA:24,1
DA:27,1
DA:28,1
DA:29,1
LF:19
LH:19
BRDA:17,0,0,1
BRDA:22,1,0,1
BRF:2
BRH:2
end_of_record
TN:
SF:services/biker/biker.validation.ts
FNF:0
FNH:0
DA:1,9
DA:3,9
LF:2
LH:2
BRF:0
BRH:0
end_of_record
TN:
SF:services/biker/index.ts
FN:1,(anonymous_1)
FN:2,(anonymous_2)
FN:3,(anonymous_3)
FN:5,(anonymous_4)
FNF:4
FNH:2
FNDA:9,(anonymous_1)
FNDA:9,(anonymous_2)
FNDA:0,(anonymous_3)
FNDA:0,(anonymous_4)
DA:1,18
DA:2,18
DA:3,9
DA:5,9
LF:4
LH:4
BRF:0
BRH:0
end_of_record
TN:
SF:services/biker/repository/mongodb/BikerRepository.mongodb.ts
FN:5,(anonymous_1)
FN:8,(anonymous_2)
FNF:2
FNH:0
FNDA:0,(anonymous_1)
FNDA:0,(anonymous_2)
DA:3,9
DA:5,9
DA:6,0
DA:9,0
DA:10,0
LF:5
LH:2
BRF:0
BRH:0
end_of_record
TN:
SF:services/biker/repository/mongodb/biker.model.ts
FNF:0
FNH:0
DA:1,9
DA:9,9
DA:18,9
DA:20,9
LF:4
LH:4
BRF:0
BRH:0
end_of_record
TN:
SF:services/biker/repository/mongodb/index.ts
FN:1,(anonymous_1)
FNF:1
FNH:0
FNDA:0,(anonymous_1)
DA:1,9
LF:1
LH:1
BRF:0
BRH:0
end_of_record
TN:
SF:services/biker/tests/mocks/BikerRepository.mock.ts
FN:3,(anonymous_0)
FN:18,(anonymous_1)
FNF:2
FNH:2
FNDA:9,(anonymous_0)
FNDA:3,(anonymous_1)
DA:3,9
DA:4,9
DA:19,3
DA:20,2
DA:22,1
LF:5
LH:5
BRDA:19,0,0,2
BRF:1
BRH:1
end_of_record
TN:
SF:services/biker/tests/mocks/index.ts
FN:1,(anonymous_1)
FNF:1
FNH:1
FNDA:9,(anonymous_1)
DA:1,18
LF:1
LH:1
BRF:0
BRH:0
end_of_record
TN:
SF:services/customer/Customer.controller.ts
FN:11,(anonymous_5)
FN:16,(anonymous_6)
FNF:2
FNH:2
FNDA:9,(anonymous_5)
FNDA:3,(anonymous_6)
DA:1,9
DA:3,9
DA:5,9
DA:6,9
DA:7,9
DA:10,9
DA:11,9
DA:12,9
DA:13,9
DA:17,3
DA:18,3
DA:19,3
DA:20,3
DA:21,2
DA:23,1
DA:25,2
LF:16
LH:16
BRDA:20,0,0,2
BRF:1
BRH:1
end_of_record
TN:
SF:services/customer/Customer.route.ts
FN:12,(anonymous_7)
FN:16,(anonymous_8)
FN:20,(anonymous_9)
FN:24,(anonymous_10)
FNF:4
FNH:4
FNDA:9,(anonymous_7)
FNDA:9,(anonymous_8)
FNDA:9,(anonymous_9)
FNDA:9,(anonymous_10)
DA:1,9
DA:2,9
DA:3,9
DA:4,9
DA:5,9
DA:8,9
DA:9,9
DA:10,9
DA:13,9
DA:17,9
DA:21,9
DA:25,9
DA:29,9
LF:13
LH:13
BRF:0
BRH:0
end_of_record
TN:
SF:services/customer/Customer.service.ts
FN:9,(anonymous_4)
FN:14,(anonymous_5)
FNF:2
FNH:2
FNDA:9,(anonymous_4)
FNDA:3,(anonymous_5)
DA:1,9
DA:4,9
DA:5,9
DA:8,9
DA:9,9
DA:10,9
DA:11,9
DA:15,3
DA:16,3
DA:17,3
DA:18,1
DA:19,1
DA:21,2
DA:22,2
DA:23,1
DA:24,1
DA:27,1
DA:28,1
DA:29,1
LF:19
LH:19
BRDA:17,0,0,1
BRDA:22,1,0,1
BRF:2
BRH:2
end_of_record
TN:
SF:services/customer/customer.validation.ts
FNF:0
FNH:0
DA:1,9
DA:3,9
LF:2
LH:2
BRF:0
BRH:0
end_of_record
TN:
SF:services/customer/index.ts
FN:1,(anonymous_1)
FN:2,(anonymous_2)
FN:3,(anonymous_3)
FN:5,(anonymous_4)
FNF:4
FNH:2
FNDA:9,(anonymous_1)
FNDA:9,(anonymous_2)
FNDA:0,(anonymous_3)
FNDA:0,(anonymous_4)
DA:1,18
DA:2,18
DA:3,9
DA:5,9
LF:4
LH:4
BRF:0
BRH:0
end_of_record
TN:
SF:services/customer/repository/mongodb/CustomerRepository.mongodb.ts
FN:4,(anonymous_1)
FN:7,(anonymous_2)
FNF:2
FNH:0
FNDA:0,(anonymous_1)
FNDA:0,(anonymous_2)
DA:2,9
DA:4,9
DA:5,0
DA:8,0
DA:9,0
LF:5
LH:2
BRF:0
BRH:0
end_of_record
TN:
SF:services/customer/repository/mongodb/customer.model.ts
FNF:0
FNH:0
DA:1,9
DA:9,9
DA:18,9
DA:20,9
LF:4
LH:4
BRF:0
BRH:0
end_of_record
TN:
SF:services/customer/repository/mongodb/index.ts
FN:1,(anonymous_1)
FNF:1
FNH:0
FNDA:0,(anonymous_1)
DA:1,9
LF:1
LH:1
BRF:0
BRH:0
end_of_record
TN:
SF:services/customer/tests/mocks/CustomerRepository.mock.ts
FN:3,(anonymous_0)
FN:20,(anonymous_1)
FNF:2
FNH:2
FNDA:9,(anonymous_0)
FNDA:3,(anonymous_1)
DA:3,9
DA:5,9
DA:21,3
DA:22,2
DA:24,1
LF:5
LH:5
BRDA:21,0,0,2
BRF:1
BRH:1
end_of_record
TN:
SF:services/customer/tests/mocks/index.ts
FN:1,(anonymous_1)
FNF:1
FNH:1
FNDA:9,(anonymous_1)
DA:1,18
LF:1
LH:1
BRF:0
BRH:0
end_of_record
TN:
SF:services/shipment/Shipment.controller.ts
FN:13,(anonymous_5)
FN:18,(anonymous_6)
FN:29,(anonymous_7)
FN:48,(anonymous_8)
FN:67,(anonymous_9)
FN:86,(anonymous_10)
FN:96,(anonymous_11)
FN:106,(anonymous_12)
FNF:8
FNH:8
FNDA:9,(anonymous_5)
FNDA:1,(anonymous_6)
FNDA:3,(anonymous_7)
FNDA:4,(anonymous_8)
FNDA:4,(anonymous_9)
FNDA:1,(anonymous_10)
FNDA:1,(anonymous_11)
FNDA:1,(anonymous_12)
DA:1,9
DA:2,9
DA:6,9
DA:7,9
DA:8,9
DA:9,9
DA:12,9
DA:13,9
DA:14,9
DA:15,9
DA:19,1
DA:20,1
DA:21,1
DA:22,1
DA:23,1
DA:25,0
DA:30,3
DA:31,3
DA:32,3
DA:33,3
DA:34,3
DA:35,2
DA:37,1
DA:39,1
DA:42,1
DA:44,2
DA:49,4
DA:50,4
DA:51,4
DA:52,4
DA:53,4
DA:54,3
DA:56,2
DA:58,1
DA:61,1
DA:63,3
DA:68,4
DA:69,4
DA:70,4
DA:71,4
DA:72,4
DA:73,3
DA:75,2
DA:77,1
DA:80,1
DA:82,3
DA:87,1
DA:88,1
DA:89,1
DA:90,1
DA:92,0
DA:97,1
DA:98,1
DA:99,1
DA:100,1
DA:102,0
DA:107,1
DA:108,1
DA:109,1
DA:110,1
DA:112,0
LF:61
LH:57
BRDA:21,0,0,0
BRDA:21,0,1,1
BRDA:21,1,0,1
BRDA:21,1,1,1
BRDA:32,2,0,0
BRDA:32,2,1,3
BRDA:32,3,0,3
BRDA:32,3,1,3
BRDA:34,4,0,2
BRDA:35,5,0,1
BRDA:35,5,1,1
BRDA:51,6,0,0
BRDA:51,6,1,4
BRDA:51,7,0,4
BRDA:51,7,1,4
BRDA:53,8,0,3
BRDA:54,9,0,2
BRDA:54,9,1,1
BRDA:70,10,0,0
BRDA:70,10,1,4
BRDA:70,11,0,4
BRDA:70,11,1,4
BRDA:72,12,0,3
BRDA:73,13,0,2
BRDA:73,13,1,1
BRDA:99,14,0,0
BRDA:99,14,1,1
BRDA:99,15,0,1
BRDA:99,15,1,1
BRDA:109,16,0,0
BRDA:109,16,1,1
BRDA:109,17,0,1
BRDA:109,17,1,1
BRF:33
BRH:27
end_of_record
TN:
SF:services/shipment/Shipment.route.ts
FN:13,(anonymous_7)
FN:17,(anonymous_8)
FN:27,(anonymous_9)
FN:31,(anonymous_10)
FNF:4
FNH:4
FNDA:9,(anonymous_7)
FNDA:9,(anonymous_8)
FNDA:9,(anonymous_9)
FNDA:9,(anonymous_10)
DA:1,9
DA:2,9
DA:3,9
DA:4,9
DA:5,9
DA:9,9
DA:10,9
DA:11,9
DA:14,9
DA:18,9
DA:19,9
DA:20,9
DA:21,9
DA:22,9
DA:23,9
DA:24,9
DA:28,9
DA:32,9
DA:36,9
LF:19
LH:19
BRF:0
BRH:0
end_of_record
TN:
SF:services/shipment/Shipment.service.ts
FN:11,(anonymous_4)
FN:16,(anonymous_5)
FN:22,(anonymous_6)
FN:39,(anonymous_7)
FN:56,(anonymous_8)
FN:73,(anonymous_9)
FN:79,(anonymous_10)
FN:85,(anonymous_11)
FNF:8
FNH:8
FNDA:9,(anonymous_4)
FNDA:1,(anonymous_5)
FNDA:3,(anonymous_6)
FNDA:4,(anonymous_7)
FNDA:4,(anonymous_8)
FNDA:1,(anonymous_9)
FNDA:1,(anonymous_10)
FNDA:1,(anonymous_11)
DA:1,9
DA:6,9
DA:7,9
DA:10,9
DA:11,9
DA:12,9
DA:13,9
DA:17,1
DA:18,1
DA:19,1
DA:23,3
DA:24,3
DA:25,3
DA:26,1
DA:29,2
DA:30,1
DA:33,1
DA:34,1
DA:35,1
DA:36,1
DA:40,4
DA:41,4
DA:42,4
DA:43,2
DA:46,2
DA:47,1
DA:50,1
DA:51,1
DA:52,1
DA:53,1
DA:57,4
DA:58,4
DA:59,4
DA:60,2
DA:63,2
DA:64,1
DA:67,1
DA:68,1
DA:69,1
DA:70,1
DA:74,1
DA:75,1
DA:76,1
DA:80,1
DA:81,1
DA:82,1
DA:86,1
DA:87,1
DA:88,1
LF:49
LH:49
BRDA:25,0,0,1
BRDA:29,1,0,1
BRDA:42,2,0,2
BRDA:46,3,0,1
BRDA:59,4,0,2
BRDA:63,5,0,1
BRF:6
BRH:6
end_of_record
TN:
SF:services/shipment/index.ts
FN:1,(anonymous_1)
FN:2,(anonymous_2)
FN:3,(anonymous_3)
FN:5,(anonymous_4)
FNF:4
FNH:3
FNDA:9,(anonymous_1)
FNDA:9,(anonymous_2)
FNDA:9,(anonymous_3)
FNDA:0,(anonymous_4)
DA:1,18
DA:2,18
DA:3,18
DA:5,9
LF:4
LH:4
BRF:0
BRH:0
end_of_record
TN:
SF:services/shipment/shipment.validation.ts
FNF:0
FNH:0
DA:1,9
DA:3,9
DA:9,9
DA:15,9
DA:19,9
LF:5
LH:5
BRF:0
BRH:0
end_of_record
TN:
SF:services/shipment/repository/mongodb/ShipmentRepository.mongodb.ts
FN:5,(anonymous_6)
FN:8,(anonymous_7)
FN:13,(anonymous_8)
FN:18,(anonymous_9)
FN:23,(anonymous_10)
FN:28,(anonymous_11)
FN:33,(anonymous_12)
FN:38,(anonymous_13)
FN:43,(anonymous_14)
FNF:9
FNH:0
FNDA:0,(anonymous_6)
FNDA:0,(anonymous_7)
FNDA:0,(anonymous_8)
FNDA:0,(anonymous_9)
FNDA:0,(anonymous_10)
FNDA:0,(anonymous_11)
FNDA:0,(anonymous_12)
FNDA:0,(anonymous_13)
FNDA:0,(anonymous_14)
DA:3,9
DA:5,9
DA:6,0
DA:9,0
DA:10,0
DA:14,0
DA:15,0
DA:19,0
DA:20,0
DA:24,0
DA:25,0
DA:29,0
DA:30,0
DA:34,0
DA:35,0
DA:39,0
DA:40,0
DA:44,0
DA:45,0
LF:19
LH:2
BRF:0
BRH:0
end_of_record
TN:
SF:services/shipment/repository/mongodb/index.ts
FN:1,(anonymous_1)
FNF:1
FNH:0
FNDA:0,(anonymous_1)
DA:1,9
LF:1
LH:1
BRF:0
BRH:0
end_of_record
TN:
SF:services/shipment/repository/mongodb/shipment.model.ts
FN:3,(anonymous_6)
FNF:1
FNH:1
FNDA:9,(anonymous_6)
DA:1,9
DA:3,9
DA:4,9
DA:5,9
DA:6,9
DA:7,9
DA:21,9
DA:35,9
DA:37,9
LF:9
LH:9
BRDA:3,0,0,9
BRDA:3,0,1,9
BRF:2
BRH:2
end_of_record
TN:
SF:services/shipment/tests/mocks/ShipmentRepository.mock.ts
FN:4,(anonymous_0)
FN:67,(anonymous_1)
FN:74,(anonymous_2)
FN:80,(anonymous_3)
FN:85,(anonymous_4)
FN:95,(anonymous_5)
FN:96,(anonymous_6)
FN:99,(anonymous_7)
FN:100,(anonymous_8)
FN:103,(anonymous_9)
FN:104,(anonymous_10)
FNF:11
FNH:11
FNDA:9,(anonymous_0)
FNDA:3,(anonymous_1)
FNDA:3,(anonymous_2)
FNDA:1,(anonymous_3)
FNDA:8,(anonymous_4)
FNDA:1,(anonymous_5)
FNDA:7,(anonymous_6)
FNDA:1,(anonymous_7)
FNDA:7,(anonymous_8)
FNDA:1,(anonymous_9)
FNDA:7,(anonymous_10)
DA:4,9
DA:5,9
DA:68,3
DA:69,2
DA:71,1
DA:75,3
DA:81,1
DA:82,1
DA:86,8
DA:87,6
DA:88,2
DA:90,4
DA:92,2
DA:96,7
DA:100,7
DA:104,7
LF:16
LH:16
BRDA:68,0,0,2
BRDA:86,1,0,6
BRDA:87,2,0,2
BRF:3
BRH:3
end_of_record
TN:
SF:services/shipment/tests/mocks/index.ts
FN:1,(anonymous_1)
FNF:1
FNH:1
FNDA:9,(anonymous_1)
DA:1,18
LF:1
LH:1
BRF:0
BRH:0
end_of_record
TN:
SF:tests/mocks/Database.mock.ts
FN:4,(anonymous_0)
FNF:1
FNH:1
FNDA:9,(anonymous_0)
DA:3,9
LF:1
LH:1
BRF:0
BRH:0
end_of_record
TN:
SF:tests/mocks/Logger.mock.ts
FN:4,(anonymous_0)
FN:7,(anonymous_1)
FN:10,(anonymous_2)
FN:13,(anonymous_3)
FNF:4
FNH:2
FNDA:69,(anonymous_0)
FNDA:0,(anonymous_1)
FNDA:4,(anonymous_2)
FNDA:0,(anonymous_3)
DA:17,9
LF:1
LH:1
BRF:0
BRH:0
end_of_record
TN:
SF:tests/mocks/index.ts
FN:1,(anonymous_1)
FNF:1
FNH:1
FNDA:9,(anonymous_1)
DA:1,18
LF:1
LH:1
BRF:0
BRH:0
end_of_record
TN:
SF:utils/Response.ts
FN:12,(anonymous_0)
FN:16,(anonymous_1)
FN:4,(anonymous_2)
FNF:3
FNH:2
FNDA:9,(anonymous_0)
FNDA:0,(anonymous_1)
FNDA:9,(anonymous_2)
DA:3,9
DA:4,9
DA:5,9
DA:13,9
DA:17,0
LF:5
LH:4
BRF:0
BRH:0
end_of_record
TN:
SF:utils/index.ts
FN:1,(anonymous_1)
FNF:1
FNH:0
FNDA:0,(anonymous_1)
DA:1,9
LF:1
LH:1
BRF:0
BRH:0
end_of_record
