TN:
SF:index.ts
FNF:0
FNH:0
DA:1,6
DA:2,6
DA:3,6
DA:4,6
DA:5,6
DA:6,6
DA:9,6
DA:10,0
DA:12,6
DA:15,6
DA:17,6
DA:18,6
LF:12
LH:11
BRDA:9,0,0,0
BRDA:9,0,1,6
BRF:2
BRH:1
end_of_record
TN:
SF:server.ts
FN:7,(anonymous_1)
FN:11,(anonymous_2)
FN:18,(anonymous_3)
FN:26,(anonymous_4)
FNF:4
FNH:3
FNDA:6,(anonymous_1)
FNDA:6,(anonymous_2)
FNDA:6,(anonymous_3)
FNDA:0,(anonymous_4)
DA:1,6
DA:3,6
DA:7,6
DA:8,6
DA:9,6
DA:10,6
DA:11,6
DA:12,6
DA:13,0
DA:19,6
DA:20,6
DA:23,6
DA:27,0
LF:13
LH:11
BRDA:9,0,0,6
BRDA:9,0,1,0
BRDA:12,1,0,0
BRDA:19,2,0,6
BRF:4
BRH:2
end_of_record
TN:
SF:di/index.ts
FN:1,(anonymous_1)
FN:2,(anonymous_2)
FNF:2
FNH:1
FNDA:0,(anonymous_1)
FNDA:6,(anonymous_2)
DA:1,6
DA:2,12
LF:2
LH:2
BRF:0
BRH:0
end_of_record
TN:
SF:di/production.ts
FN:9,regesterDependencies
FNF:1
FNH:0
FNDA:0,regesterDependencies
DA:1,6
DA:2,6
DA:3,6
DA:4,6
DA:5,6
DA:7,6
DA:9,6
DA:11,0
DA:12,0
DA:15,0
DA:16,0
DA:17,0
DA:20,0
DA:21,0
DA:22,0
DA:25,0
DA:26,0
DA:27,0
LF:18
LH:7
BRF:0
BRH:0
end_of_record
TN:
SF:helpers/bcrypt.ts
FN:3,(anonymous_6)
FNF:1
FNH:1
FNDA:4,(anonymous_6)
DA:1,6
DA:3,6
DA:4,4
DA:5,4
LF:4
LH:4
BRF:0
BRH:0
end_of_record
TN:
SF:helpers/index.ts
FN:1,(anonymous_0)
FN:2,(anonymous_1)
FN:2,(anonymous_2)
FN:2,(anonymous_3)
FNF:4
FNH:4
FNDA:4,(anonymous_0)
FNDA:11,(anonymous_1)
FNDA:16,(anonymous_2)
FNDA:2,(anonymous_3)
DA:1,10
DA:2,22
LF:2
LH:2
BRF:0
BRH:0
end_of_record
TN:
SF:helpers/jwt.ts
FN:4,(anonymous_6)
FN:13,(anonymous_7)
FN:22,(anonymous_8)
FNF:3
FNH:3
FNDA:11,(anonymous_6)
FNDA:16,(anonymous_7)
FNDA:2,(anonymous_8)
DA:1,6
DA:2,6
DA:4,6
DA:5,11
DA:6,11
DA:7,11
DA:9,0
DA:13,6
DA:14,16
DA:15,16
DA:16,16
DA:18,0
DA:22,6
DA:23,2
DA:24,2
DA:25,2
DA:27,0
LF:17
LH:14
BRF:0
BRH:0
end_of_record
TN:
SF:middlewares/index.ts
FN:1,(anonymous_1)
FN:2,(anonymous_2)
FN:3,(anonymous_3)
FNF:3
FNH:3
FNDA:30,(anonymous_1)
FNDA:24,(anonymous_2)
FNDA:24,(anonymous_3)
DA:1,36
DA:2,30
DA:3,30
LF:3
LH:3
BRF:0
BRH:0
end_of_record
TN:
SF:middlewares/is-allowed.ts
FN:5,(anonymous_0)
FN:6,(anonymous_1)
FNF:2
FNH:2
FNDA:24,(anonymous_0)
FNDA:16,(anonymous_1)
DA:2,6
DA:5,6
DA:6,24
DA:7,16
DA:8,16
DA:9,16
DA:10,12
DA:12,4
DA:15,4
DA:16,4
DA:21,6
LF:11
LH:11
BRDA:9,0,0,12
BRDA:9,0,1,4
BRF:2
BRH:2
end_of_record
TN:
SF:middlewares/is-auth.ts
FN:6,(anonymous_0)
FNF:1
FNH:1
FNDA:20,(anonymous_0)
DA:1,6
DA:3,6
DA:6,6
DA:7,20
DA:8,20
DA:9,20
DA:10,4
DA:13,16
DA:14,16
DA:16,16
DA:17,16
DA:18,16
DA:22,16
DA:25,4
DA:26,4
DA:30,6
LF:16
LH:16
BRDA:9,0,0,4
BRDA:9,0,1,16
BRDA:17,1,0,16
BRF:3
BRH:3
end_of_record
TN:
SF:middlewares/validateSchema.ts
FN:5,(anonymous_0)
FN:6,(anonymous_1)
FN:16,(anonymous_2)
FNF:3
FNH:3
FNDA:30,(anonymous_0)
FNDA:19,(anonymous_1)
FNDA:8,(anonymous_2)
DA:2,6
DA:5,6
DA:6,30
DA:7,19
DA:10,19
DA:12,19
DA:13,14
DA:15,5
DA:16,8
DA:17,5
DA:18,5
DA:23,6
LF:12
LH:12
BRDA:5,0,0,30
BRDA:5,1,0,30
BRDA:12,2,0,14
BRDA:12,2,1,5
BRF:4
BRH:4
end_of_record
TN:
SF:providers/App.ts
FN:13,(anonymous_11)
FN:22,(anonymous_12)
FN:31,(anonymous_13)
FN:36,(anonymous_14)
FN:42,(anonymous_15)
FN:48,(anonymous_16)
FN:53,(anonymous_17)
FNF:7
FNH:7
FNDA:6,(anonymous_11)
FNDA:6,(anonymous_12)
FNDA:6,(anonymous_13)
FNDA:6,(anonymous_14)
FNDA:6,(anonymous_15)
FNDA:22,(anonymous_16)
FNDA:6,(anonymous_17)
DA:2,6
DA:3,6
DA:4,6
DA:5,6
DA:6,6
DA:7,6
DA:8,6
DA:10,6
DA:13,6
DA:14,6
DA:15,6
DA:16,6
DA:17,6
DA:18,6
DA:19,6
DA:23,6
DA:24,6
DA:25,0
DA:27,6
DA:32,6
DA:33,6
DA:37,6
DA:38,6
DA:39,6
DA:44,6
DA:46,6
DA:48,6
DA:49,22
DA:54,6
LF:29
LH:28
BRDA:24,0,0,0
BRDA:24,0,1,6
BRF:2
BRH:1
end_of_record
TN:
SF:providers/Database.ts
FN:9,(anonymous_11)
FN:13,(anonymous_12)
FN:15,(anonymous_13)
FN:25,(anonymous_14)
FNF:4
FNH:0
FNDA:0,(anonymous_11)
FNDA:0,(anonymous_12)
FNDA:0,(anonymous_13)
FNDA:0,(anonymous_14)
DA:1,6
DA:2,6
DA:4,6
DA:7,6
DA:8,0
DA:9,0
DA:10,0
DA:14,0
DA:15,0
DA:16,0
DA:17,0
DA:18,0
DA:20,0
DA:26,0
DA:27,0
DA:28,0
DA:30,0
DA:34,6
LF:18
LH:5
BRDA:16,0,0,0
BRDA:16,0,1,0
BRDA:26,1,0,0
BRF:3
BRH:0
end_of_record
TN:
SF:providers/ErrorHandler.ts
FN:5,(anonymous_0)
FN:12,(anonymous_1)
FNF:2
FNH:2
FNDA:22,(anonymous_0)
FNDA:22,(anonymous_1)
DA:4,6
DA:5,22
DA:6,22
DA:7,22
DA:8,22
DA:12,6
DA:13,22
DA:14,22
LF:8
LH:8
BRDA:13,0,0,0
BRDA:13,1,0,17
BRF:2
BRH:1
end_of_record
TN:
SF:providers/Locals.ts
FN:11,(anonymous_0)
FN:25,(anonymous_1)
FNF:2
FNH:2
FNDA:6,(anonymous_0)
FNDA:6,(anonymous_1)
DA:12,6
DA:13,6
DA:14,6
DA:15,6
DA:17,6
DA:26,6
DA:27,6
DA:31,6
LF:8
LH:8
BRDA:12,0,0,6
BRDA:12,0,1,6
BRDA:13,1,0,6
BRDA:13,1,1,0
BRDA:14,2,0,6
BRDA:14,2,1,0
BRF:6
BRH:4
end_of_record
TN:
SF:providers/Routes.ts
FN:10,(anonymous_1)
FN:15,(anonymous_2)
FN:22,(anonymous_3)
FN:26,(anonymous_4)
FN:34,(anonymous_5)
FNF:5
FNH:4
FNDA:6,(anonymous_1)
FNDA:0,(anonymous_2)
FNDA:6,(anonymous_3)
FNDA:28,(anonymous_4)
FNDA:6,(anonymous_5)
DA:1,6
DA:2,6
DA:3,6
DA:4,6
DA:5,6
DA:8,6
DA:11,6
DA:13,6
DA:15,6
DA:17,6
DA:19,6
DA:24,6
DA:26,6
DA:27,28
DA:28,28
DA:29,28
DA:30,28
DA:36,6
DA:37,6
DA:39,6
DA:40,6
DA:42,6
DA:43,6
DA:47,6
LF:24
LH:24
BRF:0
BRH:0
end_of_record
TN:
SF:providers/index.ts
FN:1,(anonymous_5)
FN:3,(anonymous_6)
FNF:2
FNH:1
FNDA:6,(anonymous_5)
FNDA:0,(anonymous_6)
DA:1,12
DA:2,6
DA:3,6
LF:3
LH:3
BRF:0
BRH:0
end_of_record
TN:
SF:services/biker/Biker.controller.ts
FN:12,(anonymous_5)
FN:17,(anonymous_6)
FNF:2
FNH:2
FNDA:6,(anonymous_5)
FNDA:3,(anonymous_6)
DA:1,6
DA:3,6
DA:5,6
DA:6,6
DA:11,6
DA:12,6
DA:13,6
DA:14,6
DA:18,3
DA:19,3
DA:20,3
DA:21,3
DA:22,2
DA:24,1
DA:26,2
LF:15
LH:15
BRDA:21,0,0,2
BRF:1
BRH:1
end_of_record
TN:
SF:services/biker/Biker.route.ts
FN:12,(anonymous_7)
FN:16,(anonymous_8)
FN:20,(anonymous_9)
FN:24,(anonymous_10)
FNF:4
FNH:4
FNDA:6,(anonymous_7)
FNDA:6,(anonymous_8)
FNDA:6,(anonymous_9)
FNDA:6,(anonymous_10)
DA:1,6
DA:2,6
DA:3,6
DA:4,6
DA:8,6
DA:9,6
DA:10,6
DA:13,6
DA:17,6
DA:21,6
DA:25,6
DA:29,6
LF:12
LH:12
BRF:0
BRH:0
end_of_record
TN:
SF:services/biker/Biker.service.ts
FN:8,(anonymous_4)
FN:13,(anonymous_5)
FNF:2
FNH:2
FNDA:6,(anonymous_4)
FNDA:3,(anonymous_5)
DA:1,6
DA:4,6
DA:7,6
DA:8,6
DA:9,6
DA:10,6
DA:14,3
DA:15,3
DA:16,3
DA:17,1
DA:18,1
DA:20,2
DA:21,2
DA:22,1
DA:23,1
DA:26,1
DA:27,1
DA:28,1
LF:18
LH:18
BRDA:16,0,0,1
BRDA:21,1,0,1
BRF:2
BRH:2
end_of_record
TN:
SF:services/biker/biker.validation.ts
FNF:0
FNH:0
DA:1,6
DA:3,6
LF:2
LH:2
BRF:0
BRH:0
end_of_record
TN:
SF:services/biker/index.ts
FN:1,(anonymous_1)
FN:2,(anonymous_2)
FN:3,(anonymous_3)
FN:5,(anonymous_4)
FNF:4
FNH:2
FNDA:6,(anonymous_1)
FNDA:6,(anonymous_2)
FNDA:0,(anonymous_3)
FNDA:0,(anonymous_4)
DA:1,12
DA:2,12
DA:3,6
DA:5,6
LF:4
LH:4
BRF:0
BRH:0
end_of_record
TN:
SF:services/biker/repository/mongodb/BikerRepository.mongodb.ts
FN:5,(anonymous_1)
FN:8,(anonymous_2)
FNF:2
FNH:0
FNDA:0,(anonymous_1)
FNDA:0,(anonymous_2)
DA:3,6
DA:5,6
DA:6,0
DA:9,0
DA:10,0
LF:5
LH:2
BRF:0
BRH:0
end_of_record
TN:
SF:services/biker/repository/mongodb/biker.model.ts
FNF:0
FNH:0
DA:1,6
DA:9,6
DA:18,6
DA:20,6
LF:4
LH:4
BRF:0
BRH:0
end_of_record
TN:
SF:services/biker/repository/mongodb/index.ts
FN:1,(anonymous_1)
FNF:1
FNH:0
FNDA:0,(anonymous_1)
DA:1,6
LF:1
LH:1
BRF:0
BRH:0
end_of_record
TN:
SF:services/biker/tests/mocks/BikerRepository.mock.ts
FN:3,(anonymous_0)
FN:18,(anonymous_1)
FNF:2
FNH:2
FNDA:6,(anonymous_0)
FNDA:3,(anonymous_1)
DA:3,6
DA:4,6
DA:19,3
DA:20,2
DA:22,1
LF:5
LH:5
BRDA:19,0,0,2
BRF:1
BRH:1
end_of_record
TN:
SF:services/biker/tests/mocks/index.ts
FN:1,(anonymous_1)
FNF:1
FNH:1
FNDA:6,(anonymous_1)
DA:1,12
LF:1
LH:1
BRF:0
BRH:0
end_of_record
TN:
SF:services/customer/Customer.controller.ts
FN:10,(anonymous_5)
FN:15,(anonymous_6)
FNF:2
FNH:2
FNDA:6,(anonymous_5)
FNDA:3,(anonymous_6)
DA:1,6
DA:3,6
DA:5,6
DA:6,6
DA:9,6
DA:10,6
DA:11,6
DA:12,6
DA:16,3
DA:17,3
DA:18,3
DA:19,3
DA:20,2
DA:22,1
DA:24,2
LF:15
LH:15
BRDA:19,0,0,2
BRF:1
BRH:1
end_of_record
TN:
SF:services/customer/Customer.route.ts
FN:12,(anonymous_7)
FN:16,(anonymous_8)
FN:20,(anonymous_9)
FN:24,(anonymous_10)
FNF:4
FNH:4
FNDA:6,(anonymous_7)
FNDA:6,(anonymous_8)
FNDA:6,(anonymous_9)
FNDA:6,(anonymous_10)
DA:1,6
DA:2,6
DA:3,6
DA:4,6
DA:8,6
DA:9,6
DA:10,6
DA:13,6
DA:17,6
DA:21,6
DA:25,6
DA:29,6
LF:12
LH:12
BRF:0
BRH:0
end_of_record
TN:
SF:services/customer/Customer.service.ts
FN:8,(anonymous_4)
FN:13,(anonymous_5)
FNF:2
FNH:2
FNDA:6,(anonymous_4)
FNDA:3,(anonymous_5)
DA:1,6
DA:4,6
DA:7,6
DA:8,6
DA:9,6
DA:10,6
DA:14,3
DA:15,3
DA:16,3
DA:17,1
DA:18,1
DA:20,2
DA:21,2
DA:22,1
DA:23,1
DA:26,1
DA:27,1
DA:28,1
LF:18
LH:18
BRDA:16,0,0,1
BRDA:21,1,0,1
BRF:2
BRH:2
end_of_record
TN:
SF:services/customer/customer.validation.ts
FNF:0
FNH:0
DA:1,6
DA:3,6
LF:2
LH:2
BRF:0
BRH:0
end_of_record
TN:
SF:services/customer/index.ts
FN:1,(anonymous_1)
FN:2,(anonymous_2)
FN:3,(anonymous_3)
FN:5,(anonymous_4)
FNF:4
FNH:2
FNDA:6,(anonymous_1)
FNDA:6,(anonymous_2)
FNDA:0,(anonymous_3)
FNDA:0,(anonymous_4)
DA:1,12
DA:2,12
DA:3,6
DA:5,6
LF:4
LH:4
BRF:0
BRH:0
end_of_record
TN:
SF:services/customer/repository/mongodb/CustomerRepository.mongodb.ts
FN:4,(anonymous_1)
FN:7,(anonymous_2)
FNF:2
FNH:0
FNDA:0,(anonymous_1)
FNDA:0,(anonymous_2)
DA:2,6
DA:4,6
DA:5,0
DA:8,0
DA:9,0
LF:5
LH:2
BRF:0
BRH:0
end_of_record
TN:
SF:services/customer/repository/mongodb/customer.model.ts
FNF:0
FNH:0
DA:1,6
DA:9,6
DA:18,6
DA:20,6
LF:4
LH:4
BRF:0
BRH:0
end_of_record
TN:
SF:services/customer/repository/mongodb/index.ts
FN:1,(anonymous_1)
FNF:1
FNH:0
FNDA:0,(anonymous_1)
DA:1,6
LF:1
LH:1
BRF:0
BRH:0
end_of_record
TN:
SF:services/customer/tests/mocks/CustomerRepository.mock.ts
FN:3,(anonymous_0)
FN:20,(anonymous_1)
FNF:2
FNH:2
FNDA:6,(anonymous_0)
FNDA:3,(anonymous_1)
DA:3,6
DA:5,6
DA:21,3
DA:22,2
DA:24,1
LF:5
LH:5
BRDA:21,0,0,2
BRF:1
BRH:1
end_of_record
TN:
SF:services/customer/tests/mocks/index.ts
FN:1,(anonymous_1)
FNF:1
FNH:1
FNDA:6,(anonymous_1)
DA:1,12
LF:1
LH:1
BRF:0
BRH:0
end_of_record
TN:
SF:services/shipment/Shipment.controller.ts
FN:12,(anonymous_5)
FN:17,(anonymous_6)
FN:28,(anonymous_7)
FN:47,(anonymous_8)
FN:66,(anonymous_9)
FNF:5
FNH:5
FNDA:6,(anonymous_5)
FNDA:1,(anonymous_6)
FNDA:3,(anonymous_7)
FNDA:4,(anonymous_8)
FNDA:1,(anonymous_9)
DA:1,6
DA:2,6
DA:6,6
DA:7,6
DA:8,6
DA:11,6
DA:12,6
DA:13,6
DA:14,6
DA:18,1
DA:19,1
DA:20,1
DA:21,1
DA:22,1
DA:24,0
DA:29,3
DA:30,3
DA:31,3
DA:32,3
DA:33,3
DA:34,2
DA:36,1
DA:38,1
DA:41,1
DA:43,2
DA:48,4
DA:49,4
DA:50,4
DA:51,4
DA:52,4
DA:53,3
DA:55,2
DA:57,1
DA:60,1
DA:62,3
DA:67,1
DA:68,1
DA:69,1
DA:70,1
DA:72,0
LF:40
LH:38
BRDA:20,0,0,0
BRDA:20,0,1,1
BRDA:20,1,0,1
BRDA:20,1,1,1
BRDA:31,2,0,0
BRDA:31,2,1,3
BRDA:31,3,0,3
BRDA:31,3,1,3
BRDA:33,4,0,2
BRDA:34,5,0,1
BRDA:34,5,1,1
BRDA:50,6,0,0
BRDA:50,6,1,4
BRDA:50,7,0,4
BRDA:50,7,1,4
BRDA:52,8,0,3
BRDA:53,9,0,2
BRDA:53,9,1,1
BRF:18
BRH:15
end_of_record
TN:
SF:services/shipment/Shipment.route.ts
FN:13,(anonymous_7)
FN:17,(anonymous_8)
FN:24,(anonymous_9)
FN:28,(anonymous_10)
FNF:4
FNH:4
FNDA:6,(anonymous_7)
FNDA:6,(anonymous_8)
FNDA:6,(anonymous_9)
FNDA:6,(anonymous_10)
DA:1,6
DA:2,6
DA:3,6
DA:4,6
DA:9,6
DA:10,6
DA:11,6
DA:14,6
DA:18,6
DA:19,6
DA:20,6
DA:21,6
DA:25,6
DA:29,6
DA:33,6
LF:15
LH:15
BRF:0
BRH:0
end_of_record
TN:
SF:services/shipment/Shipment.service.ts
FN:10,(anonymous_4)
FN:15,(anonymous_5)
FN:21,(anonymous_6)
FN:38,(anonymous_7)
FN:55,(anonymous_8)
FNF:5
FNH:5
FNDA:6,(anonymous_4)
FNDA:1,(anonymous_5)
FNDA:3,(anonymous_6)
FNDA:4,(anonymous_7)
FNDA:1,(anonymous_8)
DA:1,6
DA:6,6
DA:9,6
DA:10,6
DA:11,6
DA:12,6
DA:16,1
DA:17,1
DA:18,1
DA:22,3
DA:23,3
DA:24,3
DA:25,1
DA:28,2
DA:29,1
DA:32,1
DA:33,1
DA:34,1
DA:35,1
DA:39,4
DA:40,4
DA:41,4
DA:42,2
DA:45,2
DA:46,1
DA:49,1
DA:50,1
DA:51,1
DA:52,1
DA:56,1
DA:57,1
DA:58,1
LF:32
LH:32
BRDA:24,0,0,1
BRDA:28,1,0,1
BRDA:41,2,0,2
BRDA:45,3,0,1
BRF:4
BRH:4
end_of_record
TN:
SF:services/shipment/index.ts
FN:1,(anonymous_1)
FN:2,(anonymous_2)
FN:3,(anonymous_3)
FN:5,(anonymous_4)
FNF:4
FNH:3
FNDA:6,(anonymous_1)
FNDA:6,(anonymous_2)
FNDA:6,(anonymous_3)
FNDA:0,(anonymous_4)
DA:1,12
DA:2,12
DA:3,12
DA:5,6
LF:4
LH:4
BRF:0
BRH:0
end_of_record
TN:
SF:services/shipment/shipment.validation.ts
FNF:0
FNH:0
DA:1,6
DA:3,6
DA:9,6
DA:15,6
LF:4
LH:4
BRF:0
BRH:0
end_of_record
TN:
SF:services/shipment/repository/mongodb/ShipmentRepository.mongodb.ts
FN:5,(anonymous_6)
FN:8,(anonymous_7)
FN:13,(anonymous_8)
FN:18,(anonymous_9)
FN:23,(anonymous_10)
FN:28,(anonymous_11)
FN:33,(anonymous_12)
FNF:7
FNH:0
FNDA:0,(anonymous_6)
FNDA:0,(anonymous_7)
FNDA:0,(anonymous_8)
FNDA:0,(anonymous_9)
FNDA:0,(anonymous_10)
FNDA:0,(anonymous_11)
FNDA:0,(anonymous_12)
DA:3,6
DA:5,6
DA:6,0
DA:9,0
DA:10,0
DA:14,0
DA:15,0
DA:19,0
DA:20,0
DA:24,0
DA:25,0
DA:29,0
DA:30,0
DA:34,0
DA:35,0
LF:15
LH:2
BRF:0
BRH:0
end_of_record
TN:
SF:services/shipment/repository/mongodb/index.ts
FN:1,(anonymous_1)
FNF:1
FNH:0
FNDA:0,(anonymous_1)
DA:1,6
LF:1
LH:1
BRF:0
BRH:0
end_of_record
TN:
SF:services/shipment/repository/mongodb/shipment.model.ts
FN:3,(anonymous_6)
FNF:1
FNH:1
FNDA:6,(anonymous_6)
DA:1,6
DA:3,6
DA:4,6
DA:5,6
DA:6,6
DA:7,6
DA:21,6
DA:35,6
DA:37,6
LF:9
LH:9
BRDA:3,0,0,6
BRDA:3,0,1,6
BRF:2
BRH:2
end_of_record
TN:
SF:services/shipment/tests/mocks/ShipmentRepository.mock.ts
FN:4,(anonymous_0)
FN:49,(anonymous_1)
FN:56,(anonymous_2)
FN:62,(anonymous_3)
FN:67,(anonymous_4)
FN:77,(anonymous_5)
FN:78,(anonymous_6)
FNF:7
FNH:7
FNDA:6,(anonymous_0)
FNDA:3,(anonymous_1)
FNDA:2,(anonymous_2)
FNDA:1,(anonymous_3)
FNDA:4,(anonymous_4)
FNDA:1,(anonymous_5)
FNDA:5,(anonymous_6)
DA:4,6
DA:5,6
DA:50,3
DA:51,2
DA:53,1
DA:57,2
DA:63,1
DA:64,1
DA:68,4
DA:69,3
DA:70,1
DA:72,2
DA:74,1
DA:78,5
LF:14
LH:14
BRDA:50,0,0,2
BRDA:68,1,0,3
BRDA:69,2,0,1
BRF:3
BRH:3
end_of_record
TN:
SF:services/shipment/tests/mocks/index.ts
FN:1,(anonymous_1)
FNF:1
FNH:1
FNDA:6,(anonymous_1)
DA:1,12
LF:1
LH:1
BRF:0
BRH:0
end_of_record
TN:
SF:tests/mocks/Database.mock.ts
FN:4,(anonymous_0)
FNF:1
FNH:1
FNDA:6,(anonymous_0)
DA:3,6
LF:1
LH:1
BRF:0
BRH:0
end_of_record
TN:
SF:tests/mocks/Logger.mock.ts
FN:4,(anonymous_0)
FN:7,(anonymous_1)
FN:10,(anonymous_2)
FN:13,(anonymous_3)
FNF:4
FNH:2
FNDA:48,(anonymous_0)
FNDA:0,(anonymous_1)
FNDA:4,(anonymous_2)
FNDA:0,(anonymous_3)
DA:17,6
LF:1
LH:1
BRF:0
BRH:0
end_of_record
TN:
SF:tests/mocks/index.ts
FN:1,(anonymous_1)
FNF:1
FNH:1
FNDA:6,(anonymous_1)
DA:1,12
LF:1
LH:1
BRF:0
BRH:0
end_of_record
TN:
SF:utils/Response.ts
FN:12,(anonymous_0)
FN:16,(anonymous_1)
FN:4,(anonymous_2)
FNF:3
FNH:2
FNDA:6,(anonymous_0)
FNDA:0,(anonymous_1)
FNDA:6,(anonymous_2)
DA:3,6
DA:4,6
DA:5,6
DA:13,6
DA:17,0
LF:5
LH:4
BRF:0
BRH:0
end_of_record
TN:
SF:utils/index.ts
FN:1,(anonymous_1)
FNF:1
FNH:0
FNDA:0,(anonymous_1)
DA:1,6
LF:1
LH:1
BRF:0
BRH:0
end_of_record
